 [WARNING] Ansible is being run in a world writable directory (/users/cseas002/HDSearch-Multinode), ignoring it as an ansible.cfg source. For more information see https://docs.ansible.com/ansible/devel/reference_appendices/config.html#cfg-in-world-writable-dir
Using /etc/ansible/ansible.cfg as config file

PLAY [Install HDSearch] ********************************************************

TASK [Gathering Facts] *********************************************************
[DEPRECATION WARNING]: Distribution Ubuntu 18.04 on host node1 should use 
/usr/bin/python3, but is using /usr/bin/python for backward compatibility with 
prior Ansible releases. A future Ansible release will default to using the 
discovered platform python for this host. See https://docs.ansible.com/ansible/
2.9/reference_appendices/interpreter_discovery.html for more information. This 
feature will be removed in version 2.12. Deprecation warnings can be disabled 
by setting deprecation_warnings=False in ansible.cfg.
ok: [node1]
[DEPRECATION WARNING]: Distribution Ubuntu 18.04 on host node2 should use 
/usr/bin/python3, but is using /usr/bin/python for backward compatibility with 
prior Ansible releases. A future Ansible release will default to using the 
discovered platform python for this host. See https://docs.ansible.com/ansible/
2.9/reference_appendices/interpreter_discovery.html for more information. This 
feature will be removed in version 2.12. Deprecation warnings can be disabled 
by setting deprecation_warnings=False in ansible.cfg.
ok: [node2]

PLAY [Set Up Docker Curl] ******************************************************

TASK [Gathering Facts] *********************************************************
ok: [node1]
[DEPRECATION WARNING]: Distribution Ubuntu 18.04 on host node0 should use 
/usr/bin/python3, but is using /usr/bin/python for backward compatibility with 
prior Ansible releases. A future Ansible release will default to using the 
discovered platform python for this host. See https://docs.ansible.com/ansible/
2.9/reference_appendices/interpreter_discovery.html for more information. This 
feature will be removed in version 2.12. Deprecation warnings can be disabled 
by setting deprecation_warnings=False in ansible.cfg.
ok: [node0]
ok: [node2]

PLAY [Make space to commit] ****************************************************

TASK [Gathering Facts] *********************************************************
ok: [node1]
ok: [node2]
ok: [node0]

TASK [Make Space to Commit Image] **********************************************
[WARNING]: Consider using 'become', 'become_method', and 'become_user' rather
than running sudo
changed: [node1] => {"changed": true, "cmd": ["sudo", "~/HDSearch-Multinode/scripts/change-storage-location-docker.sh"], "delta": "0:00:02.396819", "end": "2023-09-28 05:15:40.013443", "rc": 0, "start": "2023-09-28 05:15:37.616624", "stderr": "\"docker rm\" requires at least 1 argument.\nSee 'docker rm --help'.\n\nUsage:  docker rm [OPTIONS] CONTAINER [CONTAINER...]\n\nRemove one or more containers\n\"docker rmi\" requires at least 1 argument.\nSee 'docker rmi --help'.\n\nUsage:  docker rmi [OPTIONS] IMAGE [IMAGE...]\n\nRemove one or more images\nWarning: Stopping docker.service, but it can still be activated by:\n  docker.socket\nmkdir: cannot create directory ‘/dev/mkdocker’: File exists", "stderr_lines": ["\"docker rm\" requires at least 1 argument.", "See 'docker rm --help'.", "", "Usage:  docker rm [OPTIONS] CONTAINER [CONTAINER...]", "", "Remove one or more containers", "\"docker rmi\" requires at least 1 argument.", "See 'docker rmi --help'.", "", "Usage:  docker rmi [OPTIONS] IMAGE [IMAGE...]", "", "Remove one or more images", "Warning: Stopping docker.service, but it can still be activated by:", "  docker.socket", "mkdir: cannot create directory ‘/dev/mkdocker’: File exists"], "stdout": "", "stdout_lines": []}
changed: [node2] => {"changed": true, "cmd": ["sudo", "~/HDSearch-Multinode/scripts/change-storage-location-docker.sh"], "delta": "0:00:02.806277", "end": "2023-09-28 05:15:40.417144", "rc": 0, "start": "2023-09-28 05:15:37.610867", "stderr": "\"docker rm\" requires at least 1 argument.\nSee 'docker rm --help'.\n\nUsage:  docker rm [OPTIONS] CONTAINER [CONTAINER...]\n\nRemove one or more containers\n\"docker rmi\" requires at least 1 argument.\nSee 'docker rmi --help'.\n\nUsage:  docker rmi [OPTIONS] IMAGE [IMAGE...]\n\nRemove one or more images\nWarning: Stopping docker.service, but it can still be activated by:\n  docker.socket\nmkdir: cannot create directory ‘/dev/mkdocker’: File exists", "stderr_lines": ["\"docker rm\" requires at least 1 argument.", "See 'docker rm --help'.", "", "Usage:  docker rm [OPTIONS] CONTAINER [CONTAINER...]", "", "Remove one or more containers", "\"docker rmi\" requires at least 1 argument.", "See 'docker rmi --help'.", "", "Usage:  docker rmi [OPTIONS] IMAGE [IMAGE...]", "", "Remove one or more images", "Warning: Stopping docker.service, but it can still be activated by:", "  docker.socket", "mkdir: cannot create directory ‘/dev/mkdocker’: File exists"], "stdout": "", "stdout_lines": []}
changed: [node0] => {"changed": true, "cmd": ["sudo", "~/HDSearch-Multinode/scripts/change-storage-location-docker.sh"], "delta": "0:00:03.207904", "end": "2023-09-28 05:15:40.829508", "rc": 0, "start": "2023-09-28 05:15:37.621604", "stderr": "\"docker rm\" requires at least 1 argument.\nSee 'docker rm --help'.\n\nUsage:  docker rm [OPTIONS] CONTAINER [CONTAINER...]\n\nRemove one or more containers\n\"docker rmi\" requires at least 1 argument.\nSee 'docker rmi --help'.\n\nUsage:  docker rmi [OPTIONS] IMAGE [IMAGE...]\n\nRemove one or more images\nWarning: Stopping docker.service, but it can still be activated by:\n  docker.socket\nmkdir: cannot create directory ‘/dev/mkdocker’: File exists", "stderr_lines": ["\"docker rm\" requires at least 1 argument.", "See 'docker rm --help'.", "", "Usage:  docker rm [OPTIONS] CONTAINER [CONTAINER...]", "", "Remove one or more containers", "\"docker rmi\" requires at least 1 argument.", "See 'docker rmi --help'.", "", "Usage:  docker rmi [OPTIONS] IMAGE [IMAGE...]", "", "Remove one or more images", "Warning: Stopping docker.service, but it can still be activated by:", "  docker.socket", "mkdir: cannot create directory ‘/dev/mkdocker’: File exists"], "stdout": "", "stdout_lines": []}

PLAY [Install Profiler Dep] ****************************************************

PLAY RECAP *********************************************************************
node0                      : ok=3    changed=1    unreachable=0    failed=0    skipped=0    rescued=0    ignored=0   
node1                      : ok=4    changed=1    unreachable=0    failed=0    skipped=0    rescued=0    ignored=0   
node2                      : ok=4    changed=1    unreachable=0    failed=0    skipped=0    rescued=0    ignored=0   

 [WARNING] Ansible is being run in a world writable directory (/users/cseas002/HDSearch-Multinode), ignoring it as an ansible.cfg source. For more information see https://docs.ansible.com/ansible/devel/reference_appendices/config.html#cfg-in-world-writable-dir
Using /etc/ansible/ansible.cfg as config file
[WARNING]: While constructing a mapping from /users/cseas002/HDSearch-
Multinode/ansible/profiler.yml, line 20, column 3, found a duplicate dict key
(hosts). Using last defined value only.
[WARNING]: While constructing a mapping from /users/cseas002/HDSearch-
Multinode/ansible/profiler.yml, line 20, column 3, found a duplicate dict key
(tags). Using last defined value only.
[WARNING]: While constructing a mapping from /users/cseas002/HDSearch-
Multinode/ansible/profiler.yml, line 20, column 3, found a duplicate dict key
(tasks). Using last defined value only.

PLAY [Set profiler] ************************************************************

TASK [Gathering Facts] *********************************************************
[DEPRECATION WARNING]: Distribution Ubuntu 18.04 on host node1 should use 
/usr/bin/python3, but is using /usr/bin/python for backward compatibility with 
prior Ansible releases. A future Ansible release will default to using the 
discovered platform python for this host. See https://docs.ansible.com/ansible/
2.9/reference_appendices/interpreter_discovery.html for more information. This 
feature will be removed in version 2.12. Deprecation warnings can be disabled 
by setting deprecation_warnings=False in ansible.cfg.
ok: [node1]
[DEPRECATION WARNING]: Distribution Ubuntu 18.04 on host node2 should use 
/usr/bin/python3, but is using /usr/bin/python for backward compatibility with 
prior Ansible releases. A future Ansible release will default to using the 
discovered platform python for this host. See https://docs.ansible.com/ansible/
2.9/reference_appendices/interpreter_discovery.html for more information. This 
feature will be removed in version 2.12. Deprecation warnings can be disabled 
by setting deprecation_warnings=False in ansible.cfg.
ok: [node2]

TASK [Set profiler Hosts] ******************************************************
changed: [node1] => {"ansible_job_id": "616994347942.16917", "changed": true, "finished": 0, "results_file": "/users/cseas002/.ansible_async/616994347942.16917", "started": 1}
changed: [node2] => {"ansible_job_id": "37631780033.1283", "changed": true, "finished": 0, "results_file": "/users/cseas002/.ansible_async/37631780033.1283", "started": 1}

PLAY [Run remote profiler] *****************************************************

PLAY [Kill remote profiler] ****************************************************

PLAY RECAP *********************************************************************
node1                      : ok=2    changed=1    unreachable=0    failed=0    skipped=0    rescued=0    ignored=0   
node2                      : ok=2    changed=1    unreachable=0    failed=0    skipped=0    rescued=0    ignored=0   

 [WARNING] Ansible is being run in a world writable directory (/users/cseas002/HDSearch-Multinode), ignoring it as an ansible.cfg source. For more information see https://docs.ansible.com/ansible/devel/reference_appendices/config.html#cfg-in-world-writable-dir
Using /etc/ansible/ansible.cfg as config file

PLAY [Initialize cluster manager] **********************************************

PLAY [Initialize workers] ******************************************************

PLAY [Check Status of run] *****************************************************

PLAY [Leave Swarm] *************************************************************

TASK [Gathering Facts] *********************************************************
[DEPRECATION WARNING]: Distribution Ubuntu 18.04 on host node2 should use 
/usr/bin/python3, but is using /usr/bin/python for backward compatibility with 
prior Ansible releases. A future Ansible release will default to using the 
discovered platform python for this host. See https://docs.ansible.com/ansible/
2.9/reference_appendices/interpreter_discovery.html for more information. This 
feature will be removed in version 2.12. Deprecation warnings can be disabled 
by setting deprecation_warnings=False in ansible.cfg.
ok: [node2]
[DEPRECATION WARNING]: Distribution Ubuntu 18.04 on host node0 should use 
/usr/bin/python3, but is using /usr/bin/python for backward compatibility with 
prior Ansible releases. A future Ansible release will default to using the 
discovered platform python for this host. See https://docs.ansible.com/ansible/
2.9/reference_appendices/interpreter_discovery.html for more information. This 
feature will be removed in version 2.12. Deprecation warnings can be disabled 
by setting deprecation_warnings=False in ansible.cfg.
ok: [node0]
[DEPRECATION WARNING]: Distribution Ubuntu 18.04 on host node1 should use 
/usr/bin/python3, but is using /usr/bin/python for backward compatibility with 
prior Ansible releases. A future Ansible release will default to using the 
discovered platform python for this host. See https://docs.ansible.com/ansible/
2.9/reference_appendices/interpreter_discovery.html for more information. This 
feature will be removed in version 2.12. Deprecation warnings can be disabled 
by setting deprecation_warnings=False in ansible.cfg.
ok: [node1]

TASK [Leave Swarm] *************************************************************
changed: [node2] => {"ansible_job_id": "814316066719.1439", "changed": true, "finished": 0, "results_file": "/users/cseas002/.ansible_async/814316066719.1439", "started": 1}
changed: [node1] => {"ansible_job_id": "545726823084.17071", "changed": true, "finished": 0, "results_file": "/users/cseas002/.ansible_async/545726823084.17071", "started": 1}
changed: [node0] => {"ansible_job_id": "766236634199.38390", "changed": true, "finished": 0, "results_file": "/users/cseas002/.ansible_async/766236634199.38390", "started": 1}

PLAY RECAP *********************************************************************
node0                      : ok=2    changed=1    unreachable=0    failed=0    skipped=0    rescued=0    ignored=0   
node1                      : ok=2    changed=1    unreachable=0    failed=0    skipped=0    rescued=0    ignored=0   
node2                      : ok=2    changed=1    unreachable=0    failed=0    skipped=0    rescued=0    ignored=0   

 [WARNING] Ansible is being run in a world writable directory (/users/cseas002/HDSearch-Multinode), ignoring it as an ansible.cfg source. For more information see https://docs.ansible.com/ansible/devel/reference_appendices/config.html#cfg-in-world-writable-dir
Using /etc/ansible/ansible.cfg as config file

PLAY [Initialize cluster manager] **********************************************

TASK [Gathering Facts] *********************************************************
[DEPRECATION WARNING]: Distribution Ubuntu 18.04 on host node0 should use 
/usr/bin/python3, but is using /usr/bin/python for backward compatibility with 
prior Ansible releases. A future Ansible release will default to using the 
discovered platform python for this host. See https://docs.ansible.com/ansible/
2.9/reference_appendices/interpreter_discovery.html for more information. This 
feature will be removed in version 2.12. Deprecation warnings can be disabled 
by setting deprecation_warnings=False in ansible.cfg.
ok: [node0]

TASK [Init Master] *************************************************************
[WARNING]: Consider using 'become', 'become_method', and 'become_user' rather
than running sudo
changed: [node0] => {"changed": true, "cmd": "sudo docker swarm init --advertise-addr 10.10.1.1", "delta": "0:00:00.604235", "end": "2023-09-28 05:15:54.106243", "rc": 0, "start": "2023-09-28 05:15:53.502008", "stderr": "", "stderr_lines": [], "stdout": "Swarm initialized: current node (r704fpni2dozp8fe832muah86) is now a manager.\n\nTo add a worker to this swarm, run the following command:\n\n    docker swarm join --token SWMTKN-1-2zej0k5un3urhwai455eh1862b93zadcba8k0oie8pda9iov9a-5nbf08cwj3nu5q64m7ssqfxll 10.10.1.1:2377\n\nTo add a manager to this swarm, run 'docker swarm join-token manager' and follow the instructions.", "stdout_lines": ["Swarm initialized: current node (r704fpni2dozp8fe832muah86) is now a manager.", "", "To add a worker to this swarm, run the following command:", "", "    docker swarm join --token SWMTKN-1-2zej0k5un3urhwai455eh1862b93zadcba8k0oie8pda9iov9a-5nbf08cwj3nu5q64m7ssqfxll 10.10.1.1:2377", "", "To add a manager to this swarm, run 'docker swarm join-token manager' and follow the instructions."]}

PLAY [Initialize workers] ******************************************************

PLAY [Check Status of run] *****************************************************

PLAY [Leave Swarm] *************************************************************

PLAY RECAP *********************************************************************
node0                      : ok=2    changed=1    unreachable=0    failed=0    skipped=0    rescued=0    ignored=0   

 [WARNING] Ansible is being run in a world writable directory (/users/cseas002/HDSearch-Multinode), ignoring it as an ansible.cfg source. For more information see https://docs.ansible.com/ansible/devel/reference_appendices/config.html#cfg-in-world-writable-dir
Using /etc/ansible/ansible.cfg as config file

PLAY [Initialize cluster manager] **********************************************

PLAY [Initialize workers] ******************************************************

TASK [Gathering Facts] *********************************************************
[DEPRECATION WARNING]: Distribution Ubuntu 18.04 on host node1 should use 
/usr/bin/python3, but is using /usr/bin/python for backward compatibility with 
prior Ansible releases. A future Ansible release will default to using the 
discovered platform python for this host. See https://docs.ansible.com/ansible/
2.9/reference_appendices/interpreter_discovery.html for more information. This 
feature will be removed in version 2.12. Deprecation warnings can be disabled 
by setting deprecation_warnings=False in ansible.cfg.
ok: [node1]
[DEPRECATION WARNING]: Distribution Ubuntu 18.04 on host node2 should use 
/usr/bin/python3, but is using /usr/bin/python for backward compatibility with 
prior Ansible releases. A future Ansible release will default to using the 
discovered platform python for this host. See https://docs.ansible.com/ansible/
2.9/reference_appendices/interpreter_discovery.html for more information. This 
feature will be removed in version 2.12. Deprecation warnings can be disabled 
by setting deprecation_warnings=False in ansible.cfg.
ok: [node2]

TASK [Init Workers] ************************************************************
changed: [node1] => {"ansible_job_id": "803514417566.17265", "changed": true, "finished": 0, "results_file": "/users/cseas002/.ansible_async/803514417566.17265", "started": 1}
changed: [node2] => {"ansible_job_id": "616583131913.1657", "changed": true, "finished": 0, "results_file": "/users/cseas002/.ansible_async/616583131913.1657", "started": 1}

PLAY [Check Status of run] *****************************************************

PLAY [Leave Swarm] *************************************************************

PLAY RECAP *********************************************************************
node1                      : ok=2    changed=1    unreachable=0    failed=0    skipped=0    rescued=0    ignored=0   
node2                      : ok=2    changed=1    unreachable=0    failed=0    skipped=0    rescued=0    ignored=0   

 [WARNING] Ansible is being run in a world writable directory (/users/cseas002/HDSearch-Multinode), ignoring it as an ansible.cfg source. For more information see https://docs.ansible.com/ansible/devel/reference_appendices/config.html#cfg-in-world-writable-dir
Using /etc/ansible/ansible.cfg as config file

PLAY [Set uncore frequency] ****************************************************

TASK [Gathering Facts] *********************************************************
[DEPRECATION WARNING]: Distribution Ubuntu 18.04 on host node1 should use 
/usr/bin/python3, but is using /usr/bin/python for backward compatibility with 
prior Ansible releases. A future Ansible release will default to using the 
discovered platform python for this host. See https://docs.ansible.com/ansible/
2.9/reference_appendices/interpreter_discovery.html for more information. This 
feature will be removed in version 2.12. Deprecation warnings can be disabled 
by setting deprecation_warnings=False in ansible.cfg.
ok: [node1]
[DEPRECATION WARNING]: Distribution Ubuntu 18.04 on host node2 should use 
/usr/bin/python3, but is using /usr/bin/python for backward compatibility with 
prior Ansible releases. A future Ansible release will default to using the 
discovered platform python for this host. See https://docs.ansible.com/ansible/
2.9/reference_appendices/interpreter_discovery.html for more information. This 
feature will be removed in version 2.12. Deprecation warnings can be disabled 
by setting deprecation_warnings=False in ansible.cfg.
ok: [node2]

TASK [Load msr kernel module] **************************************************
changed: [node2] => {"changed": true, "cmd": "modprobe msr", "delta": "0:00:00.007563", "end": "2023-09-28 05:16:01.802495", "rc": 0, "start": "2023-09-28 05:16:01.794932", "stderr": "", "stderr_lines": [], "stdout": "", "stdout_lines": []}
changed: [node1] => {"changed": true, "cmd": "modprobe msr", "delta": "0:00:00.007891", "end": "2023-09-28 05:16:01.811931", "rc": 0, "start": "2023-09-28 05:16:01.804040", "stderr": "", "stderr_lines": [], "stdout": "", "stdout_lines": []}

TASK [Set uncore freq] *********************************************************
changed: [node2] => {"changed": true, "cmd": "wrmsr -p0 0x620 0x1414", "delta": "0:00:00.006496", "end": "2023-09-28 05:16:02.302000", "rc": 0, "start": "2023-09-28 05:16:02.295504", "stderr": "", "stderr_lines": [], "stdout": "", "stdout_lines": []}
changed: [node1] => {"changed": true, "cmd": "wrmsr -p0 0x620 0x1414", "delta": "0:00:00.006519", "end": "2023-09-28 05:16:02.318117", "rc": 0, "start": "2023-09-28 05:16:02.311598", "stderr": "", "stderr_lines": [], "stdout": "", "stdout_lines": []}

PLAY RECAP *********************************************************************
node1                      : ok=3    changed=2    unreachable=0    failed=0    skipped=0    rescued=0    ignored=0   
node2                      : ok=3    changed=2    unreachable=0    failed=0    skipped=0    rescued=0    ignored=0   

Nothing found in stack: microsuite
 [WARNING] Ansible is being run in a world writable directory (/users/cseas002/HDSearch-Multinode), ignoring it as an ansible.cfg source. For more information see https://docs.ansible.com/ansible/devel/reference_appendices/config.html#cfg-in-world-writable-dir
Using /etc/ansible/ansible.cfg as config file
[WARNING]: While constructing a mapping from /users/cseas002/HDSearch-
Multinode/ansible/profiler.yml, line 20, column 3, found a duplicate dict key
(hosts). Using last defined value only.
[WARNING]: While constructing a mapping from /users/cseas002/HDSearch-
Multinode/ansible/profiler.yml, line 20, column 3, found a duplicate dict key
(tags). Using last defined value only.
[WARNING]: While constructing a mapping from /users/cseas002/HDSearch-
Multinode/ansible/profiler.yml, line 20, column 3, found a duplicate dict key
(tasks). Using last defined value only.

PLAY [Set profiler] ************************************************************

PLAY [Run remote profiler] *****************************************************

PLAY [Kill remote profiler] ****************************************************

PLAY RECAP *********************************************************************

INFO:root:ssh -A node0 hostname
INFO:root:node0.hdsearch2.ramp-pg0.wisc.cloudlab.us
INFO:root:ssh -A node1 hostname
INFO:root:node1.hdsearch2.ramp-pg0.wisc.cloudlab.us
INFO:root:ssh -A node2 hostname
INFO:root:node2.hdsearch2.ramp-pg0.wisc.cloudlab.us
Ignoring deprecated options:

expose: Exposing ports is unnecessary - services on the same network can access each other's containers on any port.

Creating network microsuite_default
Creating service microsuite_client
Creating service microsuite_bucket
Creating service microsuite_midtier
 [WARNING] Ansible is being run in a world writable directory (/users/cseas002/HDSearch-Multinode), ignoring it as an ansible.cfg source. For more information see https://docs.ansible.com/ansible/devel/reference_appendices/config.html#cfg-in-world-writable-dir
Using /etc/ansible/ansible.cfg as config file
[WARNING]: While constructing a mapping from /users/cseas002/HDSearch-
Multinode/ansible/profiler.yml, line 20, column 3, found a duplicate dict key
(hosts). Using last defined value only.
[WARNING]: While constructing a mapping from /users/cseas002/HDSearch-
Multinode/ansible/profiler.yml, line 20, column 3, found a duplicate dict key
(tags). Using last defined value only.
[WARNING]: While constructing a mapping from /users/cseas002/HDSearch-
Multinode/ansible/profiler.yml, line 20, column 3, found a duplicate dict key
(tasks). Using last defined value only.

PLAY [Set profiler] ************************************************************

PLAY [Run remote profiler] *****************************************************

TASK [Gathering Facts] *********************************************************
[DEPRECATION WARNING]: Distribution Ubuntu 18.04 on host node0 should use 
/usr/bin/python3, but is using /usr/bin/python for backward compatibility with 
prior Ansible releases. A future Ansible release will default to using the 
discovered platform python for this host. See https://docs.ansible.com/ansible/
2.9/reference_appendices/interpreter_discovery.html for more information. This 
feature will be removed in version 2.12. Deprecation warnings can be disabled 
by setting deprecation_warnings=False in ansible.cfg.
ok: [node0]

TASK [Run remote profiler] *****************************************************
