Using /users/cseas002/HDSearch-Multinode/ansible.cfg as config file

PLAY [Install HDSearch] ********************************************************

TASK [Gathering Facts] *********************************************************
ok: [node2]
ok: [node1]

PLAY [Set Up Docker Curl] ******************************************************

TASK [Gathering Facts] *********************************************************
ok: [node2]
ok: [node1]
ok: [node0]

PLAY [Make space to commit] ****************************************************

TASK [Gathering Facts] *********************************************************
ok: [node1]
ok: [node2]
ok: [node0]

TASK [Make Space to Commit Image] **********************************************
[WARNING]: Consider using 'become', 'become_method', and 'become_user' rather
than running sudo
changed: [node1] => {"changed": true, "cmd": ["sudo", "~/HDSearch-Multinode/scripts/change-storage-location-docker.sh"], "delta": "0:00:07.447097", "end": "2023-09-18 14:50:25.569997", "rc": 0, "start": "2023-09-18 14:50:18.122900", "stderr": "Warning: Stopping docker.service, but it can still be activated by:\n  docker.socket\nmkdir: cannot create directory ‘/dev/mkdocker’: File exists", "stderr_lines": ["Warning: Stopping docker.service, but it can still be activated by:", "  docker.socket", "mkdir: cannot create directory ‘/dev/mkdocker’: File exists"], "stdout": "77c75943cb10\nUntagged: mklean/baseline-microsuite@sha256:d01aee25d7aebe6624aa5b1acccf75d5554700f866a7fdc57676aec74a86c44c\nDeleted: sha256:90f8ba6af25a3e89eccd56ed7453e1c91120b13f25c92f72956548f552acdb15\nDeleted: sha256:7d7bb52e2e991a9ef12f46b9ca755d11ab136da63216c3d7b3ae7e5db1ac8750\nDeleted: sha256:a8a53f5f6c8630b73641635133a526fc81a347a1b736bd558e97463a7d290314\nDeleted: sha256:9bf3932968c1bb680c8217ba99ee2d0179f5e308673f184da4e36e3c20709144\nDeleted: sha256:750af7b8c4edd1bde0d80babfc97b10ff9be844dade2e16524654329c3e3acf1\nDeleted: sha256:aa99de0dee7cececefd190f4be8b847d4b14198bcdeb72f7b5a1fb7d828b58a1\nDeleted: sha256:822e0342cb2ed6b3ede926b31766466892d8c3c014017d8223f42b1eb8730098\nDeleted: sha256:9bd80ab5dfc88af200c32bb0a6987831e3daa06505699cd4793eaa318c48b0c4\nDeleted: sha256:f00fab48208aa68c0baf2ab85900f7e82bdd99b2cd823dcc80d698fe3a3fa80d\nDeleted: sha256:16f559e8ec664cf176d3f2533a13bf78862e73e6e0e4ee076545495335c74b55\nDeleted: sha256:252cd7005ec1a73c4bca3c05f0a09abc9374b0b2fdc023562f99ddada31744e8\nDeleted: sha256:792c379c86dbd2250a7429bc78ef64b9524d9c49c163fa5398092505967ed230\nDeleted: sha256:e7ed01c68431b65f90c923142649429a795ab660e23ea6af15d522ccad753b59\nDeleted: sha256:e722d396f503c712107acad2a081b07e33e73d6286c43f58234f69345a216918", "stdout_lines": ["77c75943cb10", "Untagged: mklean/baseline-microsuite@sha256:d01aee25d7aebe6624aa5b1acccf75d5554700f866a7fdc57676aec74a86c44c", "Deleted: sha256:90f8ba6af25a3e89eccd56ed7453e1c91120b13f25c92f72956548f552acdb15", "Deleted: sha256:7d7bb52e2e991a9ef12f46b9ca755d11ab136da63216c3d7b3ae7e5db1ac8750", "Deleted: sha256:a8a53f5f6c8630b73641635133a526fc81a347a1b736bd558e97463a7d290314", "Deleted: sha256:9bf3932968c1bb680c8217ba99ee2d0179f5e308673f184da4e36e3c20709144", "Deleted: sha256:750af7b8c4edd1bde0d80babfc97b10ff9be844dade2e16524654329c3e3acf1", "Deleted: sha256:aa99de0dee7cececefd190f4be8b847d4b14198bcdeb72f7b5a1fb7d828b58a1", "Deleted: sha256:822e0342cb2ed6b3ede926b31766466892d8c3c014017d8223f42b1eb8730098", "Deleted: sha256:9bd80ab5dfc88af200c32bb0a6987831e3daa06505699cd4793eaa318c48b0c4", "Deleted: sha256:f00fab48208aa68c0baf2ab85900f7e82bdd99b2cd823dcc80d698fe3a3fa80d", "Deleted: sha256:16f559e8ec664cf176d3f2533a13bf78862e73e6e0e4ee076545495335c74b55", "Deleted: sha256:252cd7005ec1a73c4bca3c05f0a09abc9374b0b2fdc023562f99ddada31744e8", "Deleted: sha256:792c379c86dbd2250a7429bc78ef64b9524d9c49c163fa5398092505967ed230", "Deleted: sha256:e7ed01c68431b65f90c923142649429a795ab660e23ea6af15d522ccad753b59", "Deleted: sha256:e722d396f503c712107acad2a081b07e33e73d6286c43f58234f69345a216918"]}
changed: [node0] => {"changed": true, "cmd": ["sudo", "~/HDSearch-Multinode/scripts/change-storage-location-docker.sh"], "delta": "0:00:08.174719", "end": "2023-09-18 14:50:26.297552", "rc": 0, "start": "2023-09-18 14:50:18.122833", "stderr": "Warning: Stopping docker.service, but it can still be activated by:\n  docker.socket\nmkdir: cannot create directory ‘/dev/mkdocker’: File exists", "stderr_lines": ["Warning: Stopping docker.service, but it can still be activated by:", "  docker.socket", "mkdir: cannot create directory ‘/dev/mkdocker’: File exists"], "stdout": "9f85153fccf6\nUntagged: mklean/baseline-microsuite@sha256:d01aee25d7aebe6624aa5b1acccf75d5554700f866a7fdc57676aec74a86c44c\nDeleted: sha256:90f8ba6af25a3e89eccd56ed7453e1c91120b13f25c92f72956548f552acdb15\nDeleted: sha256:7d7bb52e2e991a9ef12f46b9ca755d11ab136da63216c3d7b3ae7e5db1ac8750\nDeleted: sha256:a8a53f5f6c8630b73641635133a526fc81a347a1b736bd558e97463a7d290314\nDeleted: sha256:9bf3932968c1bb680c8217ba99ee2d0179f5e308673f184da4e36e3c20709144\nDeleted: sha256:750af7b8c4edd1bde0d80babfc97b10ff9be844dade2e16524654329c3e3acf1\nDeleted: sha256:aa99de0dee7cececefd190f4be8b847d4b14198bcdeb72f7b5a1fb7d828b58a1\nDeleted: sha256:822e0342cb2ed6b3ede926b31766466892d8c3c014017d8223f42b1eb8730098\nDeleted: sha256:9bd80ab5dfc88af200c32bb0a6987831e3daa06505699cd4793eaa318c48b0c4\nDeleted: sha256:f00fab48208aa68c0baf2ab85900f7e82bdd99b2cd823dcc80d698fe3a3fa80d\nDeleted: sha256:16f559e8ec664cf176d3f2533a13bf78862e73e6e0e4ee076545495335c74b55\nDeleted: sha256:252cd7005ec1a73c4bca3c05f0a09abc9374b0b2fdc023562f99ddada31744e8\nDeleted: sha256:792c379c86dbd2250a7429bc78ef64b9524d9c49c163fa5398092505967ed230\nDeleted: sha256:e7ed01c68431b65f90c923142649429a795ab660e23ea6af15d522ccad753b59\nDeleted: sha256:e722d396f503c712107acad2a081b07e33e73d6286c43f58234f69345a216918", "stdout_lines": ["9f85153fccf6", "Untagged: mklean/baseline-microsuite@sha256:d01aee25d7aebe6624aa5b1acccf75d5554700f866a7fdc57676aec74a86c44c", "Deleted: sha256:90f8ba6af25a3e89eccd56ed7453e1c91120b13f25c92f72956548f552acdb15", "Deleted: sha256:7d7bb52e2e991a9ef12f46b9ca755d11ab136da63216c3d7b3ae7e5db1ac8750", "Deleted: sha256:a8a53f5f6c8630b73641635133a526fc81a347a1b736bd558e97463a7d290314", "Deleted: sha256:9bf3932968c1bb680c8217ba99ee2d0179f5e308673f184da4e36e3c20709144", "Deleted: sha256:750af7b8c4edd1bde0d80babfc97b10ff9be844dade2e16524654329c3e3acf1", "Deleted: sha256:aa99de0dee7cececefd190f4be8b847d4b14198bcdeb72f7b5a1fb7d828b58a1", "Deleted: sha256:822e0342cb2ed6b3ede926b31766466892d8c3c014017d8223f42b1eb8730098", "Deleted: sha256:9bd80ab5dfc88af200c32bb0a6987831e3daa06505699cd4793eaa318c48b0c4", "Deleted: sha256:f00fab48208aa68c0baf2ab85900f7e82bdd99b2cd823dcc80d698fe3a3fa80d", "Deleted: sha256:16f559e8ec664cf176d3f2533a13bf78862e73e6e0e4ee076545495335c74b55", "Deleted: sha256:252cd7005ec1a73c4bca3c05f0a09abc9374b0b2fdc023562f99ddada31744e8", "Deleted: sha256:792c379c86dbd2250a7429bc78ef64b9524d9c49c163fa5398092505967ed230", "Deleted: sha256:e7ed01c68431b65f90c923142649429a795ab660e23ea6af15d522ccad753b59", "Deleted: sha256:e722d396f503c712107acad2a081b07e33e73d6286c43f58234f69345a216918"]}
changed: [node2] => {"changed": true, "cmd": ["sudo", "~/HDSearch-Multinode/scripts/change-storage-location-docker.sh"], "delta": "0:00:10.664813", "end": "2023-09-18 14:50:28.785013", "rc": 0, "start": "2023-09-18 14:50:18.120200", "stderr": "Warning: Stopping docker.service, but it can still be activated by:\n  docker.socket\nmkdir: cannot create directory ‘/dev/mkdocker’: File exists", "stderr_lines": ["Warning: Stopping docker.service, but it can still be activated by:", "  docker.socket", "mkdir: cannot create directory ‘/dev/mkdocker’: File exists"], "stdout": "b396d860bc18\nUntagged: mklean/baseline-microsuite@sha256:d01aee25d7aebe6624aa5b1acccf75d5554700f866a7fdc57676aec74a86c44c\nDeleted: sha256:90f8ba6af25a3e89eccd56ed7453e1c91120b13f25c92f72956548f552acdb15\nDeleted: sha256:7d7bb52e2e991a9ef12f46b9ca755d11ab136da63216c3d7b3ae7e5db1ac8750\nDeleted: sha256:a8a53f5f6c8630b73641635133a526fc81a347a1b736bd558e97463a7d290314\nDeleted: sha256:9bf3932968c1bb680c8217ba99ee2d0179f5e308673f184da4e36e3c20709144\nDeleted: sha256:750af7b8c4edd1bde0d80babfc97b10ff9be844dade2e16524654329c3e3acf1\nDeleted: sha256:aa99de0dee7cececefd190f4be8b847d4b14198bcdeb72f7b5a1fb7d828b58a1\nDeleted: sha256:822e0342cb2ed6b3ede926b31766466892d8c3c014017d8223f42b1eb8730098\nDeleted: sha256:9bd80ab5dfc88af200c32bb0a6987831e3daa06505699cd4793eaa318c48b0c4\nDeleted: sha256:f00fab48208aa68c0baf2ab85900f7e82bdd99b2cd823dcc80d698fe3a3fa80d\nDeleted: sha256:16f559e8ec664cf176d3f2533a13bf78862e73e6e0e4ee076545495335c74b55\nDeleted: sha256:252cd7005ec1a73c4bca3c05f0a09abc9374b0b2fdc023562f99ddada31744e8\nDeleted: sha256:792c379c86dbd2250a7429bc78ef64b9524d9c49c163fa5398092505967ed230\nDeleted: sha256:e7ed01c68431b65f90c923142649429a795ab660e23ea6af15d522ccad753b59\nDeleted: sha256:e722d396f503c712107acad2a081b07e33e73d6286c43f58234f69345a216918", "stdout_lines": ["b396d860bc18", "Untagged: mklean/baseline-microsuite@sha256:d01aee25d7aebe6624aa5b1acccf75d5554700f866a7fdc57676aec74a86c44c", "Deleted: sha256:90f8ba6af25a3e89eccd56ed7453e1c91120b13f25c92f72956548f552acdb15", "Deleted: sha256:7d7bb52e2e991a9ef12f46b9ca755d11ab136da63216c3d7b3ae7e5db1ac8750", "Deleted: sha256:a8a53f5f6c8630b73641635133a526fc81a347a1b736bd558e97463a7d290314", "Deleted: sha256:9bf3932968c1bb680c8217ba99ee2d0179f5e308673f184da4e36e3c20709144", "Deleted: sha256:750af7b8c4edd1bde0d80babfc97b10ff9be844dade2e16524654329c3e3acf1", "Deleted: sha256:aa99de0dee7cececefd190f4be8b847d4b14198bcdeb72f7b5a1fb7d828b58a1", "Deleted: sha256:822e0342cb2ed6b3ede926b31766466892d8c3c014017d8223f42b1eb8730098", "Deleted: sha256:9bd80ab5dfc88af200c32bb0a6987831e3daa06505699cd4793eaa318c48b0c4", "Deleted: sha256:f00fab48208aa68c0baf2ab85900f7e82bdd99b2cd823dcc80d698fe3a3fa80d", "Deleted: sha256:16f559e8ec664cf176d3f2533a13bf78862e73e6e0e4ee076545495335c74b55", "Deleted: sha256:252cd7005ec1a73c4bca3c05f0a09abc9374b0b2fdc023562f99ddada31744e8", "Deleted: sha256:792c379c86dbd2250a7429bc78ef64b9524d9c49c163fa5398092505967ed230", "Deleted: sha256:e7ed01c68431b65f90c923142649429a795ab660e23ea6af15d522ccad753b59", "Deleted: sha256:e722d396f503c712107acad2a081b07e33e73d6286c43f58234f69345a216918"]}

PLAY [Install Profiler Dep] ****************************************************

PLAY RECAP *********************************************************************
node0                      : ok=3    changed=1    unreachable=0    failed=0    skipped=0    rescued=0    ignored=0   
node1                      : ok=4    changed=1    unreachable=0    failed=0    skipped=0    rescued=0    ignored=0   
node2                      : ok=4    changed=1    unreachable=0    failed=0    skipped=0    rescued=0    ignored=0   

Using /users/cseas002/HDSearch-Multinode/ansible.cfg as config file
[WARNING]: While constructing a mapping from /users/cseas002/HDSearch-
Multinode/ansible/profiler.yml, line 20, column 3, found a duplicate dict key
(hosts). Using last defined value only.
[WARNING]: While constructing a mapping from /users/cseas002/HDSearch-
Multinode/ansible/profiler.yml, line 20, column 3, found a duplicate dict key
(tags). Using last defined value only.
[WARNING]: While constructing a mapping from /users/cseas002/HDSearch-
Multinode/ansible/profiler.yml, line 20, column 3, found a duplicate dict key
(tasks). Using last defined value only.

PLAY [Set profiler] ************************************************************

TASK [Gathering Facts] *********************************************************
ok: [node1]
ok: [node2]

TASK [Set profiler Hosts] ******************************************************
changed: [node1] => {"ansible_job_id": "687934939176.20228", "changed": true, "finished": 0, "results_file": "/users/cseas002/.ansible_async/687934939176.20228", "started": 1}
changed: [node2] => {"ansible_job_id": "51946758258.10398", "changed": true, "finished": 0, "results_file": "/users/cseas002/.ansible_async/51946758258.10398", "started": 1}

PLAY [Run remote profiler] *****************************************************

PLAY [Kill remote profiler] ****************************************************

PLAY RECAP *********************************************************************
node1                      : ok=2    changed=1    unreachable=0    failed=0    skipped=0    rescued=0    ignored=0   
node2                      : ok=2    changed=1    unreachable=0    failed=0    skipped=0    rescued=0    ignored=0   

Using /users/cseas002/HDSearch-Multinode/ansible.cfg as config file

PLAY [Initialize cluster manager] **********************************************

PLAY [Initialize workers] ******************************************************

PLAY [Check Status of run] *****************************************************

PLAY [Leave Swarm] *************************************************************

TASK [Gathering Facts] *********************************************************
ok: [node1]
ok: [node0]
ok: [node2]

TASK [Leave Swarm] *************************************************************
changed: [node2] => {"ansible_job_id": "327564155411.10521", "changed": true, "finished": 0, "results_file": "/users/cseas002/.ansible_async/327564155411.10521", "started": 1}
changed: [node1] => {"ansible_job_id": "484380079233.20345", "changed": true, "finished": 0, "results_file": "/users/cseas002/.ansible_async/484380079233.20345", "started": 1}
changed: [node0] => {"ansible_job_id": "473085223290.14098", "changed": true, "finished": 0, "results_file": "/users/cseas002/.ansible_async/473085223290.14098", "started": 1}

PLAY RECAP *********************************************************************
node0                      : ok=2    changed=1    unreachable=0    failed=0    skipped=0    rescued=0    ignored=0   
node1                      : ok=2    changed=1    unreachable=0    failed=0    skipped=0    rescued=0    ignored=0   
node2                      : ok=2    changed=1    unreachable=0    failed=0    skipped=0    rescued=0    ignored=0   

Using /users/cseas002/HDSearch-Multinode/ansible.cfg as config file

PLAY [Initialize cluster manager] **********************************************

TASK [Gathering Facts] *********************************************************
ok: [node0]

TASK [Init Master] *************************************************************
[WARNING]: Consider using 'become', 'become_method', and 'become_user' rather
than running sudo
changed: [node0] => {"changed": true, "cmd": "sudo docker swarm init --advertise-addr 10.10.1.1", "delta": "0:00:00.605955", "end": "2023-09-18 14:50:38.480184", "rc": 0, "start": "2023-09-18 14:50:37.874229", "stderr": "", "stderr_lines": [], "stdout": "Swarm initialized: current node (b07fv0wvouabfu8rcwoen7e04) is now a manager.\n\nTo add a worker to this swarm, run the following command:\n\n    docker swarm join --token SWMTKN-1-2yn6mwzw703jyu7x9k30i05hofi7qve3h1nm6lmk0ihypse33z-5a64x40fiss3lti9aito873o9 10.10.1.1:2377\n\nTo add a manager to this swarm, run 'docker swarm join-token manager' and follow the instructions.", "stdout_lines": ["Swarm initialized: current node (b07fv0wvouabfu8rcwoen7e04) is now a manager.", "", "To add a worker to this swarm, run the following command:", "", "    docker swarm join --token SWMTKN-1-2yn6mwzw703jyu7x9k30i05hofi7qve3h1nm6lmk0ihypse33z-5a64x40fiss3lti9aito873o9 10.10.1.1:2377", "", "To add a manager to this swarm, run 'docker swarm join-token manager' and follow the instructions."]}

PLAY [Initialize workers] ******************************************************

PLAY [Check Status of run] *****************************************************

PLAY [Leave Swarm] *************************************************************

PLAY RECAP *********************************************************************
node0                      : ok=2    changed=1    unreachable=0    failed=0    skipped=0    rescued=0    ignored=0   

Using /users/cseas002/HDSearch-Multinode/ansible.cfg as config file

PLAY [Initialize cluster manager] **********************************************

PLAY [Initialize workers] ******************************************************

TASK [Gathering Facts] *********************************************************
ok: [node1]
ok: [node2]

TASK [Init Workers] ************************************************************
changed: [node1] => {"ansible_job_id": "160730111989.20501", "changed": true, "finished": 0, "results_file": "/users/cseas002/.ansible_async/160730111989.20501", "started": 1}
changed: [node2] => {"ansible_job_id": "654182860201.10681", "changed": true, "finished": 0, "results_file": "/users/cseas002/.ansible_async/654182860201.10681", "started": 1}

PLAY [Check Status of run] *****************************************************

PLAY [Leave Swarm] *************************************************************

PLAY RECAP *********************************************************************
node1                      : ok=2    changed=1    unreachable=0    failed=0    skipped=0    rescued=0    ignored=0   
node2                      : ok=2    changed=1    unreachable=0    failed=0    skipped=0    rescued=0    ignored=0   

Using /users/cseas002/HDSearch-Multinode/ansible.cfg as config file

PLAY [Set uncore frequency] ****************************************************

TASK [Gathering Facts] *********************************************************
ok: [node2]
ok: [node1]

TASK [Load msr kernel module] **************************************************
changed: [node2] => {"changed": true, "cmd": "modprobe msr", "delta": "0:00:00.004491", "end": "2023-09-18 14:50:44.506431", "rc": 0, "start": "2023-09-18 14:50:44.501940", "stderr": "", "stderr_lines": [], "stdout": "", "stdout_lines": []}
changed: [node1] => {"changed": true, "cmd": "modprobe msr", "delta": "0:00:00.004134", "end": "2023-09-18 14:50:44.512054", "rc": 0, "start": "2023-09-18 14:50:44.507920", "stderr": "", "stderr_lines": [], "stdout": "", "stdout_lines": []}

TASK [Set uncore freq] *********************************************************
changed: [node2] => {"changed": true, "cmd": "wrmsr -p0 0x620 0x1414", "delta": "0:00:00.003845", "end": "2023-09-18 14:50:44.776439", "rc": 0, "start": "2023-09-18 14:50:44.772594", "stderr": "", "stderr_lines": [], "stdout": "", "stdout_lines": []}
changed: [node1] => {"changed": true, "cmd": "wrmsr -p0 0x620 0x1414", "delta": "0:00:00.003646", "end": "2023-09-18 14:50:44.792630", "rc": 0, "start": "2023-09-18 14:50:44.788984", "stderr": "", "stderr_lines": [], "stdout": "", "stdout_lines": []}

PLAY RECAP *********************************************************************
node1                      : ok=3    changed=2    unreachable=0    failed=0    skipped=0    rescued=0    ignored=0   
node2                      : ok=3    changed=2    unreachable=0    failed=0    skipped=0    rescued=0    ignored=0   

Nothing found in stack: microsuite
Using /users/cseas002/HDSearch-Multinode/ansible.cfg as config file
[WARNING]: While constructing a mapping from /users/cseas002/HDSearch-
Multinode/ansible/profiler.yml, line 20, column 3, found a duplicate dict key
(hosts). Using last defined value only.
[WARNING]: While constructing a mapping from /users/cseas002/HDSearch-
Multinode/ansible/profiler.yml, line 20, column 3, found a duplicate dict key
(tags). Using last defined value only.
[WARNING]: While constructing a mapping from /users/cseas002/HDSearch-
Multinode/ansible/profiler.yml, line 20, column 3, found a duplicate dict key
(tasks). Using last defined value only.

PLAY [Set profiler] ************************************************************

PLAY [Run remote profiler] *****************************************************

PLAY [Kill remote profiler] ****************************************************

PLAY RECAP *********************************************************************

INFO:root:ssh -A node0 hostname
INFO:root:node0.hdsearch2.ramp-pg0.wisc.cloudlab.us
INFO:root:ssh -A node1 hostname
INFO:root:node1.hdsearch2.ramp-pg0.wisc.cloudlab.us
INFO:root:ssh -A node2 hostname
INFO:root:node2.hdsearch2.ramp-pg0.wisc.cloudlab.us
Ignoring deprecated options:

expose: Exposing ports is unnecessary - services on the same network can access each other's containers on any port.

Creating network microsuite_default
Creating service microsuite_bucket
Creating service microsuite_midtier
Creating service microsuite_client
Using /users/cseas002/HDSearch-Multinode/ansible.cfg as config file
[WARNING]: While constructing a mapping from /users/cseas002/HDSearch-
Multinode/ansible/profiler.yml, line 20, column 3, found a duplicate dict key
(hosts). Using last defined value only.
[WARNING]: While constructing a mapping from /users/cseas002/HDSearch-
Multinode/ansible/profiler.yml, line 20, column 3, found a duplicate dict key
(tags). Using last defined value only.
[WARNING]: While constructing a mapping from /users/cseas002/HDSearch-
Multinode/ansible/profiler.yml, line 20, column 3, found a duplicate dict key
(tasks). Using last defined value only.

PLAY [Set profiler] ************************************************************

PLAY [Run remote profiler] *****************************************************

TASK [Gathering Facts] *********************************************************
ok: [node0]

TASK [Run remote profiler] *****************************************************
