INFO:Target kernel configuration
INFO:  name: baseline
INFO:  config: {'pstate': False, 'c1': '2_2', 'c1e': '10_20', 'c6': True}
INFO:Current kernel configuration is not known
INFO:Configure grub
INFO:Set GRUB_DEFAULT="1>0"
INFO:Set GRUB_CMDLINE_LINUX="console=ttyS0,115200 intel_pstate=disable"
Sourcing file `/etc/default/grub'
Generating grub configuration file ...
Found linux image: /boot/vmlinuz-4.15.0-169-generic
Found initrd image: /boot/initrd.img-4.15.0-169-generic
Found memtest86+ image: /boot/memtest86+.elf
Found memtest86+ image: /boot/memtest86+.bin
done
INFO:Reboot machine and rerun configure to finish configuration
INFO:root:Rebooting remote host node2...
Connection to node2 closed by remote host.
INFO:root:Waiting for remote host node2...
PING node2-link-1 (10.10.1.3) 56(84) bytes of data.

--- node2-link-1 ping statistics ---
1 packets transmitted, 0 received, 100% packet loss, time 0ms

INFO:root:Waiting for remote host node2...
PING node2-link-1 (10.10.1.3) 56(84) bytes of data.

--- node2-link-1 ping statistics ---
1 packets transmitted, 0 received, 100% packet loss, time 0ms

INFO:root:Waiting for remote host node2...
PING node2-link-1 (10.10.1.3) 56(84) bytes of data.
From node0-link-1 (10.10.1.1) icmp_seq=1 Destination Host Unreachable

--- node2-link-1 ping statistics ---
1 packets transmitted, 0 received, +1 errors, 100% packet loss, time 0ms

INFO:root:Waiting for remote host node2...
PING node2-link-1 (10.10.1.3) 56(84) bytes of data.
From node0-link-1 (10.10.1.1) icmp_seq=1 Destination Host Unreachable

--- node2-link-1 ping statistics ---
1 packets transmitted, 0 received, +1 errors, 100% packet loss, time 0ms

INFO:root:Waiting for remote host node2...
PING node2-link-1 (10.10.1.3) 56(84) bytes of data.
From node0-link-1 (10.10.1.1) icmp_seq=1 Destination Host Unreachable

--- node2-link-1 ping statistics ---
1 packets transmitted, 0 received, +1 errors, 100% packet loss, time 0ms

INFO:root:Waiting for remote host node2...
PING node2-link-1 (10.10.1.3) 56(84) bytes of data.
From node0-link-1 (10.10.1.1) icmp_seq=1 Destination Host Unreachable

--- node2-link-1 ping statistics ---
1 packets transmitted, 0 received, +1 errors, 100% packet loss, time 0ms

INFO:root:Waiting for remote host node2...
PING node2-link-1 (10.10.1.3) 56(84) bytes of data.
From node0-link-1 (10.10.1.1) icmp_seq=1 Destination Host Unreachable

--- node2-link-1 ping statistics ---
1 packets transmitted, 0 received, +1 errors, 100% packet loss, time 0ms

INFO:root:Waiting for remote host node2...
PING node2-link-1 (10.10.1.3) 56(84) bytes of data.
From node0-link-1 (10.10.1.1) icmp_seq=1 Destination Host Unreachable

--- node2-link-1 ping statistics ---
1 packets transmitted, 0 received, +1 errors, 100% packet loss, time 0ms

INFO:root:Waiting for remote host node2...
PING node2-link-1 (10.10.1.3) 56(84) bytes of data.
From node0-link-1 (10.10.1.1) icmp_seq=1 Destination Host Unreachable

--- node2-link-1 ping statistics ---
1 packets transmitted, 0 received, +1 errors, 100% packet loss, time 0ms

INFO:root:Waiting for remote host node2...
PING node2-link-1 (10.10.1.3) 56(84) bytes of data.
64 bytes from node2-link-1 (10.10.1.3): icmp_seq=1 ttl=64 time=0.209 ms

--- node2-link-1 ping statistics ---
1 packets transmitted, 1 received, 0% packet loss, time 0ms
rtt min/avg/max/mdev = 0.209/0.209/0.209/0.000 ms
INFO:Target kernel configuration
INFO:  name: baseline
INFO:  config: {'pstate': False, 'c1': '2_2', 'c1e': '10_20', 'c6': True}
INFO:Current kernel configuration is not known
INFO:Configure grub
INFO:Set GRUB_DEFAULT="1>0"
INFO:Set GRUB_CMDLINE_LINUX="console=ttyS0,115200 intel_pstate=disable"
Sourcing file `/etc/default/grub'
Generating grub configuration file ...
Found linux image: /boot/vmlinuz-4.15.0-169-generic
Found initrd image: /boot/initrd.img-4.15.0-169-generic
Found memtest86+ image: /boot/memtest86+.elf
Found memtest86+ image: /boot/memtest86+.bin
done
INFO:Reboot machine and rerun configure to finish configuration
forceoff
Setting cpu: 0
Setting cpu: 1
Setting cpu: 2
Setting cpu: 3
Setting cpu: 4
Setting cpu: 5
Setting cpu: 6
Setting cpu: 7
Setting cpu: 8
Setting cpu: 9
Setting cpu: 10
Setting cpu: 11
Setting cpu: 12
Setting cpu: 13
Setting cpu: 14
Setting cpu: 15
Setting cpu: 16
Setting cpu: 17
Setting cpu: 18
Setting cpu: 19
0
core 0: disabled
core 1: disabled
core 2: disabled
core 3: disabled
core 4: disabled
core 5: disabled
core 6: disabled
core 7: disabled
core 8: disabled
core 9: disabled
core 10: disabled
core 11: disabled
core 12: disabled
core 13: disabled
core 14: disabled
core 15: disabled
core 16: disabled
core 17: disabled
core 18: disabled
core 19: disabled
INFO:Target kernel configuration
INFO:  name: baseline
INFO:  config: {'pstate': False, 'c1': '2_2', 'c1e': '10_20', 'c6': True}
INFO:Current kernel configuration is not known
INFO:Configure grub
INFO:Set GRUB_DEFAULT="1>0"
INFO:Set GRUB_CMDLINE_LINUX="console=ttyS0,115200 intel_pstate=disable"
Sourcing file `/etc/default/grub'
Generating grub configuration file ...
Found linux image: /boot/vmlinuz-4.15.0-169-generic
Found initrd image: /boot/initrd.img-4.15.0-169-generic
Found memtest86+ image: /boot/memtest86+.elf
Found memtest86+ image: /boot/memtest86+.bin
done
INFO:Reboot machine and rerun configure to finish configuration
INFO:root:Rebooting remote host node1...
Connection to node1 closed by remote host.
INFO:root:Waiting for remote host node1...
PING node1-link-1 (10.10.1.2) 56(84) bytes of data.

--- node1-link-1 ping statistics ---
1 packets transmitted, 0 received, 100% packet loss, time 0ms

INFO:root:Waiting for remote host node1...
PING node1-link-1 (10.10.1.2) 56(84) bytes of data.

--- node1-link-1 ping statistics ---
1 packets transmitted, 0 received, 100% packet loss, time 0ms

INFO:root:Waiting for remote host node1...
