 [WARNING] Ansible is being run in a world writable directory (/users/cseas002/HDSearch-Multinode), ignoring it as an ansible.cfg source. For more information see https://docs.ansible.com/ansible/devel/reference_appendices/config.html#cfg-in-world-writable-dir
Using /etc/ansible/ansible.cfg as config file

PLAY [Install HDSearch] ********************************************************

TASK [Gathering Facts] *********************************************************
[DEPRECATION WARNING]: Distribution Ubuntu 18.04 on host node2 should use 
/usr/bin/python3, but is using /usr/bin/python for backward compatibility with 
prior Ansible releases. A future Ansible release will default to using the 
discovered platform python for this host. See https://docs.ansible.com/ansible/
2.9/reference_appendices/interpreter_discovery.html for more information. This 
feature will be removed in version 2.12. Deprecation warnings can be disabled 
by setting deprecation_warnings=False in ansible.cfg.
ok: [node2]
[DEPRECATION WARNING]: Distribution Ubuntu 18.04 on host node1 should use 
/usr/bin/python3, but is using /usr/bin/python for backward compatibility with 
prior Ansible releases. A future Ansible release will default to using the 
discovered platform python for this host. See https://docs.ansible.com/ansible/
2.9/reference_appendices/interpreter_discovery.html for more information. This 
feature will be removed in version 2.12. Deprecation warnings can be disabled 
by setting deprecation_warnings=False in ansible.cfg.
ok: [node1]

PLAY [Set Up Docker Curl] ******************************************************

TASK [Gathering Facts] *********************************************************
ok: [node1]
ok: [node2]
[DEPRECATION WARNING]: Distribution Ubuntu 18.04 on host node0 should use 
/usr/bin/python3, but is using /usr/bin/python for backward compatibility with 
prior Ansible releases. A future Ansible release will default to using the 
discovered platform python for this host. See https://docs.ansible.com/ansible/
2.9/reference_appendices/interpreter_discovery.html for more information. This 
feature will be removed in version 2.12. Deprecation warnings can be disabled 
by setting deprecation_warnings=False in ansible.cfg.
ok: [node0]

PLAY [Make space to commit] ****************************************************

TASK [Gathering Facts] *********************************************************
ok: [node1]
ok: [node2]
ok: [node0]

TASK [Make Space to Commit Image] **********************************************
[WARNING]: Consider using 'become', 'become_method', and 'become_user' rather
than running sudo
changed: [node2] => {"changed": true, "cmd": ["sudo", "/users/cseas002/HDSearch-Multinode/scripts/change-storage-location-docker.sh"], "delta": "0:00:07.273366", "end": "2023-09-18 15:25:37.705648", "rc": 0, "start": "2023-09-18 15:25:30.432282", "stderr": "Warning: Stopping docker.service, but it can still be activated by:\n  docker.socket\nmkdir: cannot create directory ‘/dev/mkdocker’: File exists", "stderr_lines": ["Warning: Stopping docker.service, but it can still be activated by:", "  docker.socket", "mkdir: cannot create directory ‘/dev/mkdocker’: File exists"], "stdout": "55bbdde3da18\nUntagged: mklean/baseline-microsuite@sha256:d01aee25d7aebe6624aa5b1acccf75d5554700f866a7fdc57676aec74a86c44c\nDeleted: sha256:90f8ba6af25a3e89eccd56ed7453e1c91120b13f25c92f72956548f552acdb15\nDeleted: sha256:7d7bb52e2e991a9ef12f46b9ca755d11ab136da63216c3d7b3ae7e5db1ac8750\nDeleted: sha256:a8a53f5f6c8630b73641635133a526fc81a347a1b736bd558e97463a7d290314\nDeleted: sha256:9bf3932968c1bb680c8217ba99ee2d0179f5e308673f184da4e36e3c20709144\nDeleted: sha256:750af7b8c4edd1bde0d80babfc97b10ff9be844dade2e16524654329c3e3acf1\nDeleted: sha256:aa99de0dee7cececefd190f4be8b847d4b14198bcdeb72f7b5a1fb7d828b58a1\nDeleted: sha256:822e0342cb2ed6b3ede926b31766466892d8c3c014017d8223f42b1eb8730098\nDeleted: sha256:9bd80ab5dfc88af200c32bb0a6987831e3daa06505699cd4793eaa318c48b0c4\nDeleted: sha256:f00fab48208aa68c0baf2ab85900f7e82bdd99b2cd823dcc80d698fe3a3fa80d\nDeleted: sha256:16f559e8ec664cf176d3f2533a13bf78862e73e6e0e4ee076545495335c74b55\nDeleted: sha256:252cd7005ec1a73c4bca3c05f0a09abc9374b0b2fdc023562f99ddada31744e8\nDeleted: sha256:792c379c86dbd2250a7429bc78ef64b9524d9c49c163fa5398092505967ed230\nDeleted: sha256:e7ed01c68431b65f90c923142649429a795ab660e23ea6af15d522ccad753b59\nDeleted: sha256:e722d396f503c712107acad2a081b07e33e73d6286c43f58234f69345a216918", "stdout_lines": ["55bbdde3da18", "Untagged: mklean/baseline-microsuite@sha256:d01aee25d7aebe6624aa5b1acccf75d5554700f866a7fdc57676aec74a86c44c", "Deleted: sha256:90f8ba6af25a3e89eccd56ed7453e1c91120b13f25c92f72956548f552acdb15", "Deleted: sha256:7d7bb52e2e991a9ef12f46b9ca755d11ab136da63216c3d7b3ae7e5db1ac8750", "Deleted: sha256:a8a53f5f6c8630b73641635133a526fc81a347a1b736bd558e97463a7d290314", "Deleted: sha256:9bf3932968c1bb680c8217ba99ee2d0179f5e308673f184da4e36e3c20709144", "Deleted: sha256:750af7b8c4edd1bde0d80babfc97b10ff9be844dade2e16524654329c3e3acf1", "Deleted: sha256:aa99de0dee7cececefd190f4be8b847d4b14198bcdeb72f7b5a1fb7d828b58a1", "Deleted: sha256:822e0342cb2ed6b3ede926b31766466892d8c3c014017d8223f42b1eb8730098", "Deleted: sha256:9bd80ab5dfc88af200c32bb0a6987831e3daa06505699cd4793eaa318c48b0c4", "Deleted: sha256:f00fab48208aa68c0baf2ab85900f7e82bdd99b2cd823dcc80d698fe3a3fa80d", "Deleted: sha256:16f559e8ec664cf176d3f2533a13bf78862e73e6e0e4ee076545495335c74b55", "Deleted: sha256:252cd7005ec1a73c4bca3c05f0a09abc9374b0b2fdc023562f99ddada31744e8", "Deleted: sha256:792c379c86dbd2250a7429bc78ef64b9524d9c49c163fa5398092505967ed230", "Deleted: sha256:e7ed01c68431b65f90c923142649429a795ab660e23ea6af15d522ccad753b59", "Deleted: sha256:e722d396f503c712107acad2a081b07e33e73d6286c43f58234f69345a216918"]}
changed: [node0] => {"changed": true, "cmd": ["sudo", "/users/cseas002/HDSearch-Multinode/scripts/change-storage-location-docker.sh"], "delta": "0:00:07.782822", "end": "2023-09-18 15:25:38.232076", "rc": 0, "start": "2023-09-18 15:25:30.449254", "stderr": "Warning: Stopping docker.service, but it can still be activated by:\n  docker.socket\nmkdir: cannot create directory ‘/dev/mkdocker’: File exists", "stderr_lines": ["Warning: Stopping docker.service, but it can still be activated by:", "  docker.socket", "mkdir: cannot create directory ‘/dev/mkdocker’: File exists"], "stdout": "e1bd90bf2802\nUntagged: mklean/baseline-microsuite@sha256:d01aee25d7aebe6624aa5b1acccf75d5554700f866a7fdc57676aec74a86c44c\nDeleted: sha256:90f8ba6af25a3e89eccd56ed7453e1c91120b13f25c92f72956548f552acdb15\nDeleted: sha256:7d7bb52e2e991a9ef12f46b9ca755d11ab136da63216c3d7b3ae7e5db1ac8750\nDeleted: sha256:a8a53f5f6c8630b73641635133a526fc81a347a1b736bd558e97463a7d290314\nDeleted: sha256:9bf3932968c1bb680c8217ba99ee2d0179f5e308673f184da4e36e3c20709144\nDeleted: sha256:750af7b8c4edd1bde0d80babfc97b10ff9be844dade2e16524654329c3e3acf1\nDeleted: sha256:aa99de0dee7cececefd190f4be8b847d4b14198bcdeb72f7b5a1fb7d828b58a1\nDeleted: sha256:822e0342cb2ed6b3ede926b31766466892d8c3c014017d8223f42b1eb8730098\nDeleted: sha256:9bd80ab5dfc88af200c32bb0a6987831e3daa06505699cd4793eaa318c48b0c4\nDeleted: sha256:f00fab48208aa68c0baf2ab85900f7e82bdd99b2cd823dcc80d698fe3a3fa80d\nDeleted: sha256:16f559e8ec664cf176d3f2533a13bf78862e73e6e0e4ee076545495335c74b55\nDeleted: sha256:252cd7005ec1a73c4bca3c05f0a09abc9374b0b2fdc023562f99ddada31744e8\nDeleted: sha256:792c379c86dbd2250a7429bc78ef64b9524d9c49c163fa5398092505967ed230\nDeleted: sha256:e7ed01c68431b65f90c923142649429a795ab660e23ea6af15d522ccad753b59\nDeleted: sha256:e722d396f503c712107acad2a081b07e33e73d6286c43f58234f69345a216918", "stdout_lines": ["e1bd90bf2802", "Untagged: mklean/baseline-microsuite@sha256:d01aee25d7aebe6624aa5b1acccf75d5554700f866a7fdc57676aec74a86c44c", "Deleted: sha256:90f8ba6af25a3e89eccd56ed7453e1c91120b13f25c92f72956548f552acdb15", "Deleted: sha256:7d7bb52e2e991a9ef12f46b9ca755d11ab136da63216c3d7b3ae7e5db1ac8750", "Deleted: sha256:a8a53f5f6c8630b73641635133a526fc81a347a1b736bd558e97463a7d290314", "Deleted: sha256:9bf3932968c1bb680c8217ba99ee2d0179f5e308673f184da4e36e3c20709144", "Deleted: sha256:750af7b8c4edd1bde0d80babfc97b10ff9be844dade2e16524654329c3e3acf1", "Deleted: sha256:aa99de0dee7cececefd190f4be8b847d4b14198bcdeb72f7b5a1fb7d828b58a1", "Deleted: sha256:822e0342cb2ed6b3ede926b31766466892d8c3c014017d8223f42b1eb8730098", "Deleted: sha256:9bd80ab5dfc88af200c32bb0a6987831e3daa06505699cd4793eaa318c48b0c4", "Deleted: sha256:f00fab48208aa68c0baf2ab85900f7e82bdd99b2cd823dcc80d698fe3a3fa80d", "Deleted: sha256:16f559e8ec664cf176d3f2533a13bf78862e73e6e0e4ee076545495335c74b55", "Deleted: sha256:252cd7005ec1a73c4bca3c05f0a09abc9374b0b2fdc023562f99ddada31744e8", "Deleted: sha256:792c379c86dbd2250a7429bc78ef64b9524d9c49c163fa5398092505967ed230", "Deleted: sha256:e7ed01c68431b65f90c923142649429a795ab660e23ea6af15d522ccad753b59", "Deleted: sha256:e722d396f503c712107acad2a081b07e33e73d6286c43f58234f69345a216918"]}
changed: [node1] => {"changed": true, "cmd": ["sudo", "/users/cseas002/HDSearch-Multinode/scripts/change-storage-location-docker.sh"], "delta": "0:00:07.878947", "end": "2023-09-18 15:25:38.309083", "rc": 0, "start": "2023-09-18 15:25:30.430136", "stderr": "Warning: Stopping docker.service, but it can still be activated by:\n  docker.socket\nmkdir: cannot create directory ‘/dev/mkdocker’: File exists", "stderr_lines": ["Warning: Stopping docker.service, but it can still be activated by:", "  docker.socket", "mkdir: cannot create directory ‘/dev/mkdocker’: File exists"], "stdout": "a5ac904aaa9c\nUntagged: mklean/baseline-microsuite@sha256:d01aee25d7aebe6624aa5b1acccf75d5554700f866a7fdc57676aec74a86c44c\nDeleted: sha256:90f8ba6af25a3e89eccd56ed7453e1c91120b13f25c92f72956548f552acdb15\nDeleted: sha256:7d7bb52e2e991a9ef12f46b9ca755d11ab136da63216c3d7b3ae7e5db1ac8750\nDeleted: sha256:a8a53f5f6c8630b73641635133a526fc81a347a1b736bd558e97463a7d290314\nDeleted: sha256:9bf3932968c1bb680c8217ba99ee2d0179f5e308673f184da4e36e3c20709144\nDeleted: sha256:750af7b8c4edd1bde0d80babfc97b10ff9be844dade2e16524654329c3e3acf1\nDeleted: sha256:aa99de0dee7cececefd190f4be8b847d4b14198bcdeb72f7b5a1fb7d828b58a1\nDeleted: sha256:822e0342cb2ed6b3ede926b31766466892d8c3c014017d8223f42b1eb8730098\nDeleted: sha256:9bd80ab5dfc88af200c32bb0a6987831e3daa06505699cd4793eaa318c48b0c4\nDeleted: sha256:f00fab48208aa68c0baf2ab85900f7e82bdd99b2cd823dcc80d698fe3a3fa80d\nDeleted: sha256:16f559e8ec664cf176d3f2533a13bf78862e73e6e0e4ee076545495335c74b55\nDeleted: sha256:252cd7005ec1a73c4bca3c05f0a09abc9374b0b2fdc023562f99ddada31744e8\nDeleted: sha256:792c379c86dbd2250a7429bc78ef64b9524d9c49c163fa5398092505967ed230\nDeleted: sha256:e7ed01c68431b65f90c923142649429a795ab660e23ea6af15d522ccad753b59\nDeleted: sha256:e722d396f503c712107acad2a081b07e33e73d6286c43f58234f69345a216918", "stdout_lines": ["a5ac904aaa9c", "Untagged: mklean/baseline-microsuite@sha256:d01aee25d7aebe6624aa5b1acccf75d5554700f866a7fdc57676aec74a86c44c", "Deleted: sha256:90f8ba6af25a3e89eccd56ed7453e1c91120b13f25c92f72956548f552acdb15", "Deleted: sha256:7d7bb52e2e991a9ef12f46b9ca755d11ab136da63216c3d7b3ae7e5db1ac8750", "Deleted: sha256:a8a53f5f6c8630b73641635133a526fc81a347a1b736bd558e97463a7d290314", "Deleted: sha256:9bf3932968c1bb680c8217ba99ee2d0179f5e308673f184da4e36e3c20709144", "Deleted: sha256:750af7b8c4edd1bde0d80babfc97b10ff9be844dade2e16524654329c3e3acf1", "Deleted: sha256:aa99de0dee7cececefd190f4be8b847d4b14198bcdeb72f7b5a1fb7d828b58a1", "Deleted: sha256:822e0342cb2ed6b3ede926b31766466892d8c3c014017d8223f42b1eb8730098", "Deleted: sha256:9bd80ab5dfc88af200c32bb0a6987831e3daa06505699cd4793eaa318c48b0c4", "Deleted: sha256:f00fab48208aa68c0baf2ab85900f7e82bdd99b2cd823dcc80d698fe3a3fa80d", "Deleted: sha256:16f559e8ec664cf176d3f2533a13bf78862e73e6e0e4ee076545495335c74b55", "Deleted: sha256:252cd7005ec1a73c4bca3c05f0a09abc9374b0b2fdc023562f99ddada31744e8", "Deleted: sha256:792c379c86dbd2250a7429bc78ef64b9524d9c49c163fa5398092505967ed230", "Deleted: sha256:e7ed01c68431b65f90c923142649429a795ab660e23ea6af15d522ccad753b59", "Deleted: sha256:e722d396f503c712107acad2a081b07e33e73d6286c43f58234f69345a216918"]}

PLAY [Install Profiler Dep] ****************************************************

PLAY RECAP *********************************************************************
node0                      : ok=3    changed=1    unreachable=0    failed=0    skipped=0    rescued=0    ignored=0   
node1                      : ok=4    changed=1    unreachable=0    failed=0    skipped=0    rescued=0    ignored=0   
node2                      : ok=4    changed=1    unreachable=0    failed=0    skipped=0    rescued=0    ignored=0   

 [WARNING] Ansible is being run in a world writable directory (/users/cseas002/HDSearch-Multinode), ignoring it as an ansible.cfg source. For more information see https://docs.ansible.com/ansible/devel/reference_appendices/config.html#cfg-in-world-writable-dir
Using /etc/ansible/ansible.cfg as config file
[WARNING]: While constructing a mapping from /users/cseas002/HDSearch-
Multinode/ansible/profiler.yml, line 20, column 3, found a duplicate dict key
(hosts). Using last defined value only.
[WARNING]: While constructing a mapping from /users/cseas002/HDSearch-
Multinode/ansible/profiler.yml, line 20, column 3, found a duplicate dict key
(tags). Using last defined value only.
[WARNING]: While constructing a mapping from /users/cseas002/HDSearch-
Multinode/ansible/profiler.yml, line 20, column 3, found a duplicate dict key
(tasks). Using last defined value only.

PLAY [Set profiler] ************************************************************

TASK [Gathering Facts] *********************************************************
[DEPRECATION WARNING]: Distribution Ubuntu 18.04 on host node2 should use 
/usr/bin/python3, but is using /usr/bin/python for backward compatibility with 
prior Ansible releases. A future Ansible release will default to using the 
discovered platform python for this host. See https://docs.ansible.com/ansible/
2.9/reference_appendices/interpreter_discovery.html for more information. This 
feature will be removed in version 2.12. Deprecation warnings can be disabled 
by setting deprecation_warnings=False in ansible.cfg.
ok: [node2]
[DEPRECATION WARNING]: Distribution Ubuntu 18.04 on host node1 should use 
/usr/bin/python3, but is using /usr/bin/python for backward compatibility with 
prior Ansible releases. A future Ansible release will default to using the 
discovered platform python for this host. See https://docs.ansible.com/ansible/
2.9/reference_appendices/interpreter_discovery.html for more information. This 
feature will be removed in version 2.12. Deprecation warnings can be disabled 
by setting deprecation_warnings=False in ansible.cfg.
ok: [node1]

TASK [Set profiler Hosts] ******************************************************
changed: [node1] => {"ansible_job_id": "756021197094.23982", "changed": true, "finished": 0, "results_file": "/users/cseas002/.ansible_async/756021197094.23982", "started": 1}
changed: [node2] => {"ansible_job_id": "119940730398.15017", "changed": true, "finished": 0, "results_file": "/users/cseas002/.ansible_async/119940730398.15017", "started": 1}

PLAY [Run remote profiler] *****************************************************

PLAY [Kill remote profiler] ****************************************************

PLAY RECAP *********************************************************************
node1                      : ok=2    changed=1    unreachable=0    failed=0    skipped=0    rescued=0    ignored=0   
node2                      : ok=2    changed=1    unreachable=0    failed=0    skipped=0    rescued=0    ignored=0   

 [WARNING] Ansible is being run in a world writable directory (/users/cseas002/HDSearch-Multinode), ignoring it as an ansible.cfg source. For more information see https://docs.ansible.com/ansible/devel/reference_appendices/config.html#cfg-in-world-writable-dir
Using /etc/ansible/ansible.cfg as config file

PLAY [Initialize cluster manager] **********************************************

PLAY [Initialize workers] ******************************************************

PLAY [Check Status of run] *****************************************************

PLAY [Leave Swarm] *************************************************************

TASK [Gathering Facts] *********************************************************
[DEPRECATION WARNING]: Distribution Ubuntu 18.04 on host node2 should use 
/usr/bin/python3, but is using /usr/bin/python for backward compatibility with 
prior Ansible releases. A future Ansible release will default to using the 
discovered platform python for this host. See https://docs.ansible.com/ansible/
2.9/reference_appendices/interpreter_discovery.html for more information. This 
feature will be removed in version 2.12. Deprecation warnings can be disabled 
by setting deprecation_warnings=False in ansible.cfg.
ok: [node2]
[DEPRECATION WARNING]: Distribution Ubuntu 18.04 on host node0 should use 
/usr/bin/python3, but is using /usr/bin/python for backward compatibility with 
prior Ansible releases. A future Ansible release will default to using the 
discovered platform python for this host. See https://docs.ansible.com/ansible/
2.9/reference_appendices/interpreter_discovery.html for more information. This 
feature will be removed in version 2.12. Deprecation warnings can be disabled 
by setting deprecation_warnings=False in ansible.cfg.
ok: [node0]
[DEPRECATION WARNING]: Distribution Ubuntu 18.04 on host node1 should use 
/usr/bin/python3, but is using /usr/bin/python for backward compatibility with 
prior Ansible releases. A future Ansible release will default to using the 
discovered platform python for this host. See https://docs.ansible.com/ansible/
2.9/reference_appendices/interpreter_discovery.html for more information. This 
feature will be removed in version 2.12. Deprecation warnings can be disabled 
by setting deprecation_warnings=False in ansible.cfg.
ok: [node1]

TASK [Leave Swarm] *************************************************************
changed: [node1] => {"ansible_job_id": "220661556291.24116", "changed": true, "finished": 0, "results_file": "/users/cseas002/.ansible_async/220661556291.24116", "started": 1}
changed: [node2] => {"ansible_job_id": "900573346544.15153", "changed": true, "finished": 0, "results_file": "/users/cseas002/.ansible_async/900573346544.15153", "started": 1}
changed: [node0] => {"ansible_job_id": "882638290760.30790", "changed": true, "finished": 0, "results_file": "/users/cseas002/.ansible_async/882638290760.30790", "started": 1}

PLAY RECAP *********************************************************************
node0                      : ok=2    changed=1    unreachable=0    failed=0    skipped=0    rescued=0    ignored=0   
node1                      : ok=2    changed=1    unreachable=0    failed=0    skipped=0    rescued=0    ignored=0   
node2                      : ok=2    changed=1    unreachable=0    failed=0    skipped=0    rescued=0    ignored=0   

 [WARNING] Ansible is being run in a world writable directory (/users/cseas002/HDSearch-Multinode), ignoring it as an ansible.cfg source. For more information see https://docs.ansible.com/ansible/devel/reference_appendices/config.html#cfg-in-world-writable-dir
Using /etc/ansible/ansible.cfg as config file

PLAY [Initialize cluster manager] **********************************************

TASK [Gathering Facts] *********************************************************
[DEPRECATION WARNING]: Distribution Ubuntu 18.04 on host node0 should use 
/usr/bin/python3, but is using /usr/bin/python for backward compatibility with 
prior Ansible releases. A future Ansible release will default to using the 
discovered platform python for this host. See https://docs.ansible.com/ansible/
2.9/reference_appendices/interpreter_discovery.html for more information. This 
feature will be removed in version 2.12. Deprecation warnings can be disabled 
by setting deprecation_warnings=False in ansible.cfg.
ok: [node0]

TASK [Init Master] *************************************************************
[WARNING]: Consider using 'become', 'become_method', and 'become_user' rather
than running sudo
changed: [node0] => {"changed": true, "cmd": "sudo docker swarm init --advertise-addr 10.10.1.1", "delta": "0:00:00.603330", "end": "2023-09-18 15:25:48.728789", "rc": 0, "start": "2023-09-18 15:25:48.125459", "stderr": "", "stderr_lines": [], "stdout": "Swarm initialized: current node (nyoyhugti6146d8uassemnkxe) is now a manager.\n\nTo add a worker to this swarm, run the following command:\n\n    docker swarm join --token SWMTKN-1-0ku9fy3jo8b1xg5ud26oc6qad3xkoaond392qdh0kbruesbjrp-1bfjfafax6c00plmr6eaqv7c1 10.10.1.1:2377\n\nTo add a manager to this swarm, run 'docker swarm join-token manager' and follow the instructions.", "stdout_lines": ["Swarm initialized: current node (nyoyhugti6146d8uassemnkxe) is now a manager.", "", "To add a worker to this swarm, run the following command:", "", "    docker swarm join --token SWMTKN-1-0ku9fy3jo8b1xg5ud26oc6qad3xkoaond392qdh0kbruesbjrp-1bfjfafax6c00plmr6eaqv7c1 10.10.1.1:2377", "", "To add a manager to this swarm, run 'docker swarm join-token manager' and follow the instructions."]}

PLAY [Initialize workers] ******************************************************

PLAY [Check Status of run] *****************************************************

PLAY [Leave Swarm] *************************************************************

PLAY RECAP *********************************************************************
node0                      : ok=2    changed=1    unreachable=0    failed=0    skipped=0    rescued=0    ignored=0   

 [WARNING] Ansible is being run in a world writable directory (/users/cseas002/HDSearch-Multinode), ignoring it as an ansible.cfg source. For more information see https://docs.ansible.com/ansible/devel/reference_appendices/config.html#cfg-in-world-writable-dir
Using /etc/ansible/ansible.cfg as config file

PLAY [Initialize cluster manager] **********************************************

PLAY [Initialize workers] ******************************************************

TASK [Gathering Facts] *********************************************************
[DEPRECATION WARNING]: Distribution Ubuntu 18.04 on host node1 should use 
/usr/bin/python3, but is using /usr/bin/python for backward compatibility with 
prior Ansible releases. A future Ansible release will default to using the 
discovered platform python for this host. See https://docs.ansible.com/ansible/
2.9/reference_appendices/interpreter_discovery.html for more information. This 
feature will be removed in version 2.12. Deprecation warnings can be disabled 
by setting deprecation_warnings=False in ansible.cfg.
ok: [node1]
[DEPRECATION WARNING]: Distribution Ubuntu 18.04 on host node2 should use 
/usr/bin/python3, but is using /usr/bin/python for backward compatibility with 
prior Ansible releases. A future Ansible release will default to using the 
discovered platform python for this host. See https://docs.ansible.com/ansible/
2.9/reference_appendices/interpreter_discovery.html for more information. This 
feature will be removed in version 2.12. Deprecation warnings can be disabled 
by setting deprecation_warnings=False in ansible.cfg.
ok: [node2]

TASK [Init Workers] ************************************************************
changed: [node1] => {"ansible_job_id": "875285622021.24285", "changed": true, "finished": 0, "results_file": "/users/cseas002/.ansible_async/875285622021.24285", "started": 1}
changed: [node2] => {"ansible_job_id": "447898568494.15328", "changed": true, "finished": 0, "results_file": "/users/cseas002/.ansible_async/447898568494.15328", "started": 1}

PLAY [Check Status of run] *****************************************************

PLAY [Leave Swarm] *************************************************************

PLAY RECAP *********************************************************************
node1                      : ok=2    changed=1    unreachable=0    failed=0    skipped=0    rescued=0    ignored=0   
node2                      : ok=2    changed=1    unreachable=0    failed=0    skipped=0    rescued=0    ignored=0   

 [WARNING] Ansible is being run in a world writable directory (/users/cseas002/HDSearch-Multinode), ignoring it as an ansible.cfg source. For more information see https://docs.ansible.com/ansible/devel/reference_appendices/config.html#cfg-in-world-writable-dir
Using /etc/ansible/ansible.cfg as config file

PLAY [Set uncore frequency] ****************************************************

TASK [Gathering Facts] *********************************************************
[DEPRECATION WARNING]: Distribution Ubuntu 18.04 on host node1 should use 
/usr/bin/python3, but is using /usr/bin/python for backward compatibility with 
prior Ansible releases. A future Ansible release will default to using the 
discovered platform python for this host. See https://docs.ansible.com/ansible/
2.9/reference_appendices/interpreter_discovery.html for more information. This 
feature will be removed in version 2.12. Deprecation warnings can be disabled 
by setting deprecation_warnings=False in ansible.cfg.
ok: [node1]
[DEPRECATION WARNING]: Distribution Ubuntu 18.04 on host node2 should use 
/usr/bin/python3, but is using /usr/bin/python for backward compatibility with 
prior Ansible releases. A future Ansible release will default to using the 
discovered platform python for this host. See https://docs.ansible.com/ansible/
2.9/reference_appendices/interpreter_discovery.html for more information. This 
feature will be removed in version 2.12. Deprecation warnings can be disabled 
by setting deprecation_warnings=False in ansible.cfg.
ok: [node2]

TASK [Load msr kernel module] **************************************************
changed: [node2] => {"changed": true, "cmd": "modprobe msr", "delta": "0:00:00.003690", "end": "2023-09-18 15:25:55.583420", "rc": 0, "start": "2023-09-18 15:25:55.579730", "stderr": "", "stderr_lines": [], "stdout": "", "stdout_lines": []}
changed: [node1] => {"changed": true, "cmd": "modprobe msr", "delta": "0:00:00.003676", "end": "2023-09-18 15:25:55.586999", "rc": 0, "start": "2023-09-18 15:25:55.583323", "stderr": "", "stderr_lines": [], "stdout": "", "stdout_lines": []}

TASK [Set uncore freq] *********************************************************
changed: [node2] => {"changed": true, "cmd": "wrmsr -p0 0x620 0x1414", "delta": "0:00:00.003366", "end": "2023-09-18 15:25:56.021882", "rc": 0, "start": "2023-09-18 15:25:56.018516", "stderr": "", "stderr_lines": [], "stdout": "", "stdout_lines": []}
changed: [node1] => {"changed": true, "cmd": "wrmsr -p0 0x620 0x1414", "delta": "0:00:00.002995", "end": "2023-09-18 15:25:56.046437", "rc": 0, "start": "2023-09-18 15:25:56.043442", "stderr": "", "stderr_lines": [], "stdout": "", "stdout_lines": []}

PLAY RECAP *********************************************************************
node1                      : ok=3    changed=2    unreachable=0    failed=0    skipped=0    rescued=0    ignored=0   
node2                      : ok=3    changed=2    unreachable=0    failed=0    skipped=0    rescued=0    ignored=0   

Nothing found in stack: microsuite
 [WARNING] Ansible is being run in a world writable directory (/users/cseas002/HDSearch-Multinode), ignoring it as an ansible.cfg source. For more information see https://docs.ansible.com/ansible/devel/reference_appendices/config.html#cfg-in-world-writable-dir
Using /etc/ansible/ansible.cfg as config file
[WARNING]: While constructing a mapping from /users/cseas002/HDSearch-
Multinode/ansible/profiler.yml, line 20, column 3, found a duplicate dict key
(hosts). Using last defined value only.
[WARNING]: While constructing a mapping from /users/cseas002/HDSearch-
Multinode/ansible/profiler.yml, line 20, column 3, found a duplicate dict key
(tags). Using last defined value only.
[WARNING]: While constructing a mapping from /users/cseas002/HDSearch-
Multinode/ansible/profiler.yml, line 20, column 3, found a duplicate dict key
(tasks). Using last defined value only.

PLAY [Set profiler] ************************************************************

PLAY [Run remote profiler] *****************************************************

PLAY [Kill remote profiler] ****************************************************

PLAY RECAP *********************************************************************

INFO:root:ssh -A node0 hostname
INFO:root:node0.hdsearch2.ramp-pg0.wisc.cloudlab.us
INFO:root:ssh -A node1 hostname
INFO:root:node1.hdsearch2.ramp-pg0.wisc.cloudlab.us
INFO:root:ssh -A node2 hostname
INFO:root:node2.hdsearch2.ramp-pg0.wisc.cloudlab.us
Ignoring deprecated options:

expose: Exposing ports is unnecessary - services on the same network can access each other's containers on any port.

Creating network microsuite_default
Creating service microsuite_bucket
Creating service microsuite_midtier
Creating service microsuite_client
 [WARNING] Ansible is being run in a world writable directory (/users/cseas002/HDSearch-Multinode), ignoring it as an ansible.cfg source. For more information see https://docs.ansible.com/ansible/devel/reference_appendices/config.html#cfg-in-world-writable-dir
Using /etc/ansible/ansible.cfg as config file
[WARNING]: While constructing a mapping from /users/cseas002/HDSearch-
Multinode/ansible/profiler.yml, line 20, column 3, found a duplicate dict key
(hosts). Using last defined value only.
[WARNING]: While constructing a mapping from /users/cseas002/HDSearch-
Multinode/ansible/profiler.yml, line 20, column 3, found a duplicate dict key
(tags). Using last defined value only.
[WARNING]: While constructing a mapping from /users/cseas002/HDSearch-
Multinode/ansible/profiler.yml, line 20, column 3, found a duplicate dict key
(tasks). Using last defined value only.

PLAY [Set profiler] ************************************************************

PLAY [Run remote profiler] *****************************************************

TASK [Gathering Facts] *********************************************************
[DEPRECATION WARNING]: Distribution Ubuntu 18.04 on host node0 should use 
/usr/bin/python3, but is using /usr/bin/python for backward compatibility with 
prior Ansible releases. A future Ansible release will default to using the 
discovered platform python for this host. See https://docs.ansible.com/ansible/
2.9/reference_appendices/interpreter_discovery.html for more information. This 
feature will be removed in version 2.12. Deprecation warnings can be disabled 
by setting deprecation_warnings=False in ansible.cfg.
ok: [node0]

TASK [Run remote profiler] *****************************************************
