INFO:Target kernel configuration
INFO:  name: baseline
INFO:  config: {'pstate': False, 'c1': '2_2', 'c1e': '10_20', 'c6': True}
INFO:Current kernel configuration is not known
INFO:Configure grub
INFO:Set GRUB_DEFAULT="1>0"
INFO:Set GRUB_CMDLINE_LINUX="console=ttyS0,115200 intel_pstate=disable"
Sourcing file `/etc/default/grub'
Generating grub configuration file ...
Found linux image: /boot/vmlinuz-4.15.0-169-generic
Found initrd image: /boot/initrd.img-4.15.0-169-generic
Found memtest86+ image: /boot/memtest86+.elf
Found memtest86+ image: /boot/memtest86+.bin
done
INFO:Reboot machine and rerun configure to finish configuration
INFO:root:Rebooting remote host node2...
Connection to node2 closed by remote host.
INFO:root:Waiting for remote host node2...
PING node2-link-1 (10.10.1.3) 56(84) bytes of data.

--- node2-link-1 ping statistics ---
1 packets transmitted, 0 received, 100% packet loss, time 0ms

INFO:root:Waiting for remote host node2...
PING node2-link-1 (10.10.1.3) 56(84) bytes of data.

--- node2-link-1 ping statistics ---
1 packets transmitted, 0 received, 100% packet loss, time 0ms

INFO:root:Waiting for remote host node2...
PING node2-link-1 (10.10.1.3) 56(84) bytes of data.
From node0-link-1 (10.10.1.1) icmp_seq=1 Destination Host Unreachable

--- node2-link-1 ping statistics ---
1 packets transmitted, 0 received, +1 errors, 100% packet loss, time 0ms

INFO:root:Waiting for remote host node2...
PING node2-link-1 (10.10.1.3) 56(84) bytes of data.
From node0-link-1 (10.10.1.1) icmp_seq=1 Destination Host Unreachable

--- node2-link-1 ping statistics ---
1 packets transmitted, 0 received, +1 errors, 100% packet loss, time 0ms

INFO:root:Waiting for remote host node2...
PING node2-link-1 (10.10.1.3) 56(84) bytes of data.
From node0-link-1 (10.10.1.1) icmp_seq=1 Destination Host Unreachable

--- node2-link-1 ping statistics ---
1 packets transmitted, 0 received, +1 errors, 100% packet loss, time 0ms

INFO:root:Waiting for remote host node2...
PING node2-link-1 (10.10.1.3) 56(84) bytes of data.
From node0-link-1 (10.10.1.1) icmp_seq=1 Destination Host Unreachable

--- node2-link-1 ping statistics ---
1 packets transmitted, 0 received, +1 errors, 100% packet loss, time 0ms

INFO:root:Waiting for remote host node2...
PING node2-link-1 (10.10.1.3) 56(84) bytes of data.
From node0-link-1 (10.10.1.1) icmp_seq=1 Destination Host Unreachable

--- node2-link-1 ping statistics ---
1 packets transmitted, 0 received, +1 errors, 100% packet loss, time 0ms

INFO:root:Waiting for remote host node2...
PING node2-link-1 (10.10.1.3) 56(84) bytes of data.
From node0-link-1 (10.10.1.1) icmp_seq=1 Destination Host Unreachable

--- node2-link-1 ping statistics ---
1 packets transmitted, 0 received, +1 errors, 100% packet loss, time 0ms

INFO:root:Waiting for remote host node2...
PING node2-link-1 (10.10.1.3) 56(84) bytes of data.
From node0-link-1 (10.10.1.1) icmp_seq=1 Destination Host Unreachable

--- node2-link-1 ping statistics ---
1 packets transmitted, 0 received, +1 errors, 100% packet loss, time 0ms

INFO:root:Waiting for remote host node2...
PING node2-link-1 (10.10.1.3) 56(84) bytes of data.
64 bytes from node2-link-1 (10.10.1.3): icmp_seq=1 ttl=64 time=0.209 ms

--- node2-link-1 ping statistics ---
1 packets transmitted, 1 received, 0% packet loss, time 0ms
rtt min/avg/max/mdev = 0.209/0.209/0.209/0.000 ms
INFO:Target kernel configuration
INFO:  name: baseline
INFO:  config: {'pstate': False, 'c1': '2_2', 'c1e': '10_20', 'c6': True}
INFO:Current kernel configuration is not known
INFO:Configure grub
INFO:Set GRUB_DEFAULT="1>0"
INFO:Set GRUB_CMDLINE_LINUX="console=ttyS0,115200 intel_pstate=disable"
Sourcing file `/etc/default/grub'
Generating grub configuration file ...
Found linux image: /boot/vmlinuz-4.15.0-169-generic
Found initrd image: /boot/initrd.img-4.15.0-169-generic
Found memtest86+ image: /boot/memtest86+.elf
Found memtest86+ image: /boot/memtest86+.bin
done
INFO:Reboot machine and rerun configure to finish configuration
forceoff
Setting cpu: 0
Setting cpu: 1
Setting cpu: 2
Setting cpu: 3
Setting cpu: 4
Setting cpu: 5
Setting cpu: 6
Setting cpu: 7
Setting cpu: 8
Setting cpu: 9
Setting cpu: 10
Setting cpu: 11
Setting cpu: 12
Setting cpu: 13
Setting cpu: 14
Setting cpu: 15
Setting cpu: 16
Setting cpu: 17
Setting cpu: 18
Setting cpu: 19
0
core 0: disabled
core 1: disabled
core 2: disabled
core 3: disabled
core 4: disabled
core 5: disabled
core 6: disabled
core 7: disabled
core 8: disabled
core 9: disabled
core 10: disabled
core 11: disabled
core 12: disabled
core 13: disabled
core 14: disabled
core 15: disabled
core 16: disabled
core 17: disabled
core 18: disabled
core 19: disabled
INFO:Target kernel configuration
INFO:  name: baseline
INFO:  config: {'pstate': False, 'c1': '2_2', 'c1e': '10_20', 'c6': True}
INFO:Current kernel configuration is not known
INFO:Configure grub
INFO:Set GRUB_DEFAULT="1>0"
INFO:Set GRUB_CMDLINE_LINUX="console=ttyS0,115200 intel_pstate=disable"
Sourcing file `/etc/default/grub'
Generating grub configuration file ...
Found linux image: /boot/vmlinuz-4.15.0-169-generic
Found initrd image: /boot/initrd.img-4.15.0-169-generic
Found memtest86+ image: /boot/memtest86+.elf
Found memtest86+ image: /boot/memtest86+.bin
done
INFO:Reboot machine and rerun configure to finish configuration
INFO:root:Rebooting remote host node1...
Connection to node1 closed by remote host.
INFO:root:Waiting for remote host node1...
PING node1-link-1 (10.10.1.2) 56(84) bytes of data.

--- node1-link-1 ping statistics ---
1 packets transmitted, 0 received, 100% packet loss, time 0ms

INFO:root:Waiting for remote host node1...
PING node1-link-1 (10.10.1.2) 56(84) bytes of data.

--- node1-link-1 ping statistics ---
1 packets transmitted, 0 received, 100% packet loss, time 0ms

INFO:root:Waiting for remote host node1...
PING node1-link-1 (10.10.1.2) 56(84) bytes of data.
From node0-link-1 (10.10.1.1) icmp_seq=1 Destination Host Unreachable

--- node1-link-1 ping statistics ---
1 packets transmitted, 0 received, +1 errors, 100% packet loss, time 0ms

INFO:root:Waiting for remote host node1...
PING node1-link-1 (10.10.1.2) 56(84) bytes of data.
From node0-link-1 (10.10.1.1) icmp_seq=1 Destination Host Unreachable

--- node1-link-1 ping statistics ---
1 packets transmitted, 0 received, +1 errors, 100% packet loss, time 0ms

INFO:root:Waiting for remote host node1...
PING node1-link-1 (10.10.1.2) 56(84) bytes of data.
From node0-link-1 (10.10.1.1) icmp_seq=1 Destination Host Unreachable

--- node1-link-1 ping statistics ---
1 packets transmitted, 0 received, +1 errors, 100% packet loss, time 0ms

INFO:root:Waiting for remote host node1...
PING node1-link-1 (10.10.1.2) 56(84) bytes of data.
64 bytes from node1-link-1 (10.10.1.2): icmp_seq=1 ttl=64 time=0.235 ms

--- node1-link-1 ping statistics ---
1 packets transmitted, 1 received, 0% packet loss, time 0ms
rtt min/avg/max/mdev = 0.235/0.235/0.235/0.000 ms
INFO:Target kernel configuration
INFO:  name: baseline
INFO:  config: {'pstate': False, 'c1': '2_2', 'c1e': '10_20', 'c6': True}
INFO:Current kernel configuration is not known
INFO:Configure grub
INFO:Set GRUB_DEFAULT="1>0"
INFO:Set GRUB_CMDLINE_LINUX="console=ttyS0,115200 intel_pstate=disable"
Sourcing file `/etc/default/grub'
Generating grub configuration file ...
Found linux image: /boot/vmlinuz-4.15.0-169-generic
Found initrd image: /boot/initrd.img-4.15.0-169-generic
Found memtest86+ image: /boot/memtest86+.elf
Found memtest86+ image: /boot/memtest86+.bin
done
INFO:Reboot machine and rerun configure to finish configuration
forceoff
Setting cpu: 0
Setting cpu: 1
Setting cpu: 2
Setting cpu: 3
Setting cpu: 4
Setting cpu: 5
Setting cpu: 6
Setting cpu: 7
Setting cpu: 8
Setting cpu: 9
Setting cpu: 10
Setting cpu: 11
Setting cpu: 12
Setting cpu: 13
Setting cpu: 14
Setting cpu: 15
Setting cpu: 16
Setting cpu: 17
Setting cpu: 18
Setting cpu: 19
0
core 0: disabled
core 1: disabled
core 2: disabled
core 3: disabled
core 4: disabled
core 5: disabled
core 6: disabled
core 7: disabled
core 8: disabled
core 9: disabled
core 10: disabled
core 11: disabled
core 12: disabled
core 13: disabled
core 14: disabled
core 15: disabled
core 16: disabled
core 17: disabled
core 18: disabled
core 19: disabled
Using /users/cseas002/HDSearch-Multinode/ansible.cfg as config file

PLAY [Install HDSearch] ********************************************************

TASK [Gathering Facts] *********************************************************
ok: [node1]
ok: [node2]

PLAY [Set Up Docker Curl] ******************************************************

TASK [Gathering Facts] *********************************************************
ok: [node1]
ok: [node2]
ok: [node0]

PLAY [Make space to commit] ****************************************************

TASK [Gathering Facts] *********************************************************
ok: [node1]
ok: [node2]
ok: [node0]

TASK [Make Space to Commit Image] **********************************************
[WARNING]: Consider using 'become', 'become_method', and 'become_user' rather
than running sudo
changed: [node1] => {"changed": true, "cmd": ["sudo", "/users/cseas002/HDSearch-Multinode/scripts/change-storage-location-docker.sh"], "delta": "0:00:00.472837", "end": "2023-09-13 16:38:00.074079", "rc": 0, "start": "2023-09-13 16:37:59.601242", "stderr": "\"docker rm\" requires at least 1 argument.\nSee 'docker rm --help'.\n\nUsage:  docker rm [OPTIONS] CONTAINER [CONTAINER...]\n\nRemove one or more containers\n\"docker rmi\" requires at least 1 argument.\nSee 'docker rmi --help'.\n\nUsage:  docker rmi [OPTIONS] IMAGE [IMAGE...]\n\nRemove one or more images\nWarning: Stopping docker.service, but it can still be activated by:\n  docker.socket\numount: /var/lib/docker: not mounted.", "stderr_lines": ["\"docker rm\" requires at least 1 argument.", "See 'docker rm --help'.", "", "Usage:  docker rm [OPTIONS] CONTAINER [CONTAINER...]", "", "Remove one or more containers", "\"docker rmi\" requires at least 1 argument.", "See 'docker rmi --help'.", "", "Usage:  docker rmi [OPTIONS] IMAGE [IMAGE...]", "", "Remove one or more images", "Warning: Stopping docker.service, but it can still be activated by:", "  docker.socket", "umount: /var/lib/docker: not mounted."], "stdout": "", "stdout_lines": []}
changed: [node2] => {"changed": true, "cmd": ["sudo", "/users/cseas002/HDSearch-Multinode/scripts/change-storage-location-docker.sh"], "delta": "0:00:00.572966", "end": "2023-09-13 16:38:00.183964", "rc": 0, "start": "2023-09-13 16:37:59.610998", "stderr": "\"docker rm\" requires at least 1 argument.\nSee 'docker rm --help'.\n\nUsage:  docker rm [OPTIONS] CONTAINER [CONTAINER...]\n\nRemove one or more containers\n\"docker rmi\" requires at least 1 argument.\nSee 'docker rmi --help'.\n\nUsage:  docker rmi [OPTIONS] IMAGE [IMAGE...]\n\nRemove one or more images\nWarning: Stopping docker.service, but it can still be activated by:\n  docker.socket\numount: /var/lib/docker: not mounted.", "stderr_lines": ["\"docker rm\" requires at least 1 argument.", "See 'docker rm --help'.", "", "Usage:  docker rm [OPTIONS] CONTAINER [CONTAINER...]", "", "Remove one or more containers", "\"docker rmi\" requires at least 1 argument.", "See 'docker rmi --help'.", "", "Usage:  docker rmi [OPTIONS] IMAGE [IMAGE...]", "", "Remove one or more images", "Warning: Stopping docker.service, but it can still be activated by:", "  docker.socket", "umount: /var/lib/docker: not mounted."], "stdout": "", "stdout_lines": []}
changed: [node0] => {"changed": true, "cmd": ["sudo", "/users/cseas002/HDSearch-Multinode/scripts/change-storage-location-docker.sh"], "delta": "0:00:12.109682", "end": "2023-09-13 16:38:11.213667", "rc": 0, "start": "2023-09-13 16:37:59.103985", "stderr": "Warning: Stopping docker.service, but it can still be activated by:\n  docker.socket\nmkdir: cannot create directory '/dev/mkdocker': File exists", "stderr_lines": ["Warning: Stopping docker.service, but it can still be activated by:", "  docker.socket", "mkdir: cannot create directory '/dev/mkdocker': File exists"], "stdout": "8e1d4ee993bd\nUntagged: mklean/baseline-microsuite@sha256:d01aee25d7aebe6624aa5b1acccf75d5554700f866a7fdc57676aec74a86c44c\nDeleted: sha256:90f8ba6af25a3e89eccd56ed7453e1c91120b13f25c92f72956548f552acdb15\nDeleted: sha256:7d7bb52e2e991a9ef12f46b9ca755d11ab136da63216c3d7b3ae7e5db1ac8750\nDeleted: sha256:a8a53f5f6c8630b73641635133a526fc81a347a1b736bd558e97463a7d290314\nDeleted: sha256:9bf3932968c1bb680c8217ba99ee2d0179f5e308673f184da4e36e3c20709144\nDeleted: sha256:750af7b8c4edd1bde0d80babfc97b10ff9be844dade2e16524654329c3e3acf1\nDeleted: sha256:aa99de0dee7cececefd190f4be8b847d4b14198bcdeb72f7b5a1fb7d828b58a1\nDeleted: sha256:822e0342cb2ed6b3ede926b31766466892d8c3c014017d8223f42b1eb8730098\nDeleted: sha256:9bd80ab5dfc88af200c32bb0a6987831e3daa06505699cd4793eaa318c48b0c4\nDeleted: sha256:f00fab48208aa68c0baf2ab85900f7e82bdd99b2cd823dcc80d698fe3a3fa80d\nDeleted: sha256:16f559e8ec664cf176d3f2533a13bf78862e73e6e0e4ee076545495335c74b55\nDeleted: sha256:252cd7005ec1a73c4bca3c05f0a09abc9374b0b2fdc023562f99ddada31744e8\nDeleted: sha256:792c379c86dbd2250a7429bc78ef64b9524d9c49c163fa5398092505967ed230\nDeleted: sha256:e7ed01c68431b65f90c923142649429a795ab660e23ea6af15d522ccad753b59\nDeleted: sha256:e722d396f503c712107acad2a081b07e33e73d6286c43f58234f69345a216918", "stdout_lines": ["8e1d4ee993bd", "Untagged: mklean/baseline-microsuite@sha256:d01aee25d7aebe6624aa5b1acccf75d5554700f866a7fdc57676aec74a86c44c", "Deleted: sha256:90f8ba6af25a3e89eccd56ed7453e1c91120b13f25c92f72956548f552acdb15", "Deleted: sha256:7d7bb52e2e991a9ef12f46b9ca755d11ab136da63216c3d7b3ae7e5db1ac8750", "Deleted: sha256:a8a53f5f6c8630b73641635133a526fc81a347a1b736bd558e97463a7d290314", "Deleted: sha256:9bf3932968c1bb680c8217ba99ee2d0179f5e308673f184da4e36e3c20709144", "Deleted: sha256:750af7b8c4edd1bde0d80babfc97b10ff9be844dade2e16524654329c3e3acf1", "Deleted: sha256:aa99de0dee7cececefd190f4be8b847d4b14198bcdeb72f7b5a1fb7d828b58a1", "Deleted: sha256:822e0342cb2ed6b3ede926b31766466892d8c3c014017d8223f42b1eb8730098", "Deleted: sha256:9bd80ab5dfc88af200c32bb0a6987831e3daa06505699cd4793eaa318c48b0c4", "Deleted: sha256:f00fab48208aa68c0baf2ab85900f7e82bdd99b2cd823dcc80d698fe3a3fa80d", "Deleted: sha256:16f559e8ec664cf176d3f2533a13bf78862e73e6e0e4ee076545495335c74b55", "Deleted: sha256:252cd7005ec1a73c4bca3c05f0a09abc9374b0b2fdc023562f99ddada31744e8", "Deleted: sha256:792c379c86dbd2250a7429bc78ef64b9524d9c49c163fa5398092505967ed230", "Deleted: sha256:e7ed01c68431b65f90c923142649429a795ab660e23ea6af15d522ccad753b59", "Deleted: sha256:e722d396f503c712107acad2a081b07e33e73d6286c43f58234f69345a216918"]}

PLAY [Install Profiler Dep] ****************************************************

PLAY RECAP *********************************************************************
node0                      : ok=3    changed=1    unreachable=0    failed=0    skipped=0    rescued=0    ignored=0   
node1                      : ok=4    changed=1    unreachable=0    failed=0    skipped=0    rescued=0    ignored=0   
node2                      : ok=4    changed=1    unreachable=0    failed=0    skipped=0    rescued=0    ignored=0   

Using /users/cseas002/HDSearch-Multinode/ansible.cfg as config file

PLAY [Set profiler] ************************************************************

TASK [Gathering Facts] *********************************************************
ok: [node1]
ok: [node2]

TASK [Set profiler Hosts] ******************************************************
changed: [node2] => {"ansible_job_id": "324919533010.4925", "changed": true, "finished": 0, "results_file": "/users/cseas002/.ansible_async/324919533010.4925", "started": 1}
changed: [node1] => {"ansible_job_id": "370642112436.4823", "changed": true, "finished": 0, "results_file": "/users/cseas002/.ansible_async/370642112436.4823", "started": 1}

PLAY [Run remote profiler] *****************************************************

PLAY [Kill remote profiler] ****************************************************

PLAY RECAP *********************************************************************
node1                      : ok=2    changed=1    unreachable=0    failed=0    skipped=0    rescued=0    ignored=0   
node2                      : ok=2    changed=1    unreachable=0    failed=0    skipped=0    rescued=0    ignored=0   

Using /users/cseas002/HDSearch-Multinode/ansible.cfg as config file

PLAY [Initialize cluster manager] **********************************************

PLAY [Initialize workers] ******************************************************

PLAY [Check Status of run] *****************************************************

PLAY [Leave Swarm] *************************************************************

TASK [Gathering Facts] *********************************************************
ok: [node0]
ok: [node1]
ok: [node2]

TASK [Leave Swarm] *************************************************************
changed: [node1] => {"ansible_job_id": "78256286315.4932", "changed": true, "finished": 0, "results_file": "/users/cseas002/.ansible_async/78256286315.4932", "started": 1}
changed: [node2] => {"ansible_job_id": "800976772871.5034", "changed": true, "finished": 0, "results_file": "/users/cseas002/.ansible_async/800976772871.5034", "started": 1}
changed: [node0] => {"ansible_job_id": "313882042820.10882", "changed": true, "finished": 0, "results_file": "/users/cseas002/.ansible_async/313882042820.10882", "started": 1}

PLAY RECAP *********************************************************************
node0                      : ok=2    changed=1    unreachable=0    failed=0    skipped=0    rescued=0    ignored=0   
node1                      : ok=2    changed=1    unreachable=0    failed=0    skipped=0    rescued=0    ignored=0   
node2                      : ok=2    changed=1    unreachable=0    failed=0    skipped=0    rescued=0    ignored=0   

Using /users/cseas002/HDSearch-Multinode/ansible.cfg as config file

PLAY [Initialize cluster manager] **********************************************

TASK [Gathering Facts] *********************************************************
ok: [node0]

TASK [Init Master] *************************************************************
[WARNING]: Consider using 'become', 'become_method', and 'become_user' rather
than running sudo
changed: [node0] => {"changed": true, "cmd": "sudo docker swarm init --advertise-addr 10.10.1.1", "delta": "0:00:01.095151", "end": "2023-09-13 16:38:24.932468", "rc": 0, "start": "2023-09-13 16:38:23.837317", "stderr": "", "stderr_lines": [], "stdout": "Swarm initialized: current node (3hsh3jigrrwvjnoevv1d0xl15) is now a manager.\n\nTo add a worker to this swarm, run the following command:\n\n    docker swarm join --token SWMTKN-1-5hympoq1ij5bdmurgkxs9c1th8bo8xtv9mlwhw9r6i5sv79z6p-albbdg9oqkgzi3xfipah8su5b 10.10.1.1:2377\n\nTo add a manager to this swarm, run 'docker swarm join-token manager' and follow the instructions.", "stdout_lines": ["Swarm initialized: current node (3hsh3jigrrwvjnoevv1d0xl15) is now a manager.", "", "To add a worker to this swarm, run the following command:", "", "    docker swarm join --token SWMTKN-1-5hympoq1ij5bdmurgkxs9c1th8bo8xtv9mlwhw9r6i5sv79z6p-albbdg9oqkgzi3xfipah8su5b 10.10.1.1:2377", "", "To add a manager to this swarm, run 'docker swarm join-token manager' and follow the instructions."]}

PLAY [Initialize workers] ******************************************************

PLAY [Check Status of run] *****************************************************

PLAY [Leave Swarm] *************************************************************

PLAY RECAP *********************************************************************
node0                      : ok=2    changed=1    unreachable=0    failed=0    skipped=0    rescued=0    ignored=0   

Using /users/cseas002/HDSearch-Multinode/ansible.cfg as config file

PLAY [Initialize cluster manager] **********************************************

PLAY [Initialize workers] ******************************************************

TASK [Gathering Facts] *********************************************************
ok: [node2]
ok: [node1]

TASK [Init Workers] ************************************************************
changed: [node2] => {"ansible_job_id": "9061233774.5145", "changed": true, "finished": 0, "results_file": "/users/cseas002/.ansible_async/9061233774.5145", "started": 1}
changed: [node1] => {"ansible_job_id": "599461796657.5058", "changed": true, "finished": 0, "results_file": "/users/cseas002/.ansible_async/599461796657.5058", "started": 1}

PLAY [Check Status of run] *****************************************************

PLAY [Leave Swarm] *************************************************************

PLAY RECAP *********************************************************************
node1                      : ok=2    changed=1    unreachable=0    failed=0    skipped=0    rescued=0    ignored=0   
node2                      : ok=2    changed=1    unreachable=0    failed=0    skipped=0    rescued=0    ignored=0   

Using /users/cseas002/HDSearch-Multinode/ansible.cfg as config file

PLAY [Set uncore frequency] ****************************************************

TASK [Gathering Facts] *********************************************************
ok: [node1]
ok: [node2]

TASK [Load msr kernel module] **************************************************
changed: [node2] => {"changed": true, "cmd": "modprobe msr", "delta": "0:00:00.003930", "end": "2023-09-13 16:46:53.411748", "rc": 0, "start": "2023-09-13 16:46:53.407818", "stderr": "", "stderr_lines": [], "stdout": "", "stdout_lines": []}
changed: [node1] => {"changed": true, "cmd": "modprobe msr", "delta": "0:00:00.003622", "end": "2023-09-13 16:46:53.417351", "rc": 0, "start": "2023-09-13 16:46:53.413729", "stderr": "", "stderr_lines": [], "stdout": "", "stdout_lines": []}

TASK [Set uncore freq] *********************************************************
changed: [node2] => {"changed": true, "cmd": "wrmsr -p0 0x620 0x1414", "delta": "0:00:00.003577", "end": "2023-09-13 16:46:53.679624", "rc": 0, "start": "2023-09-13 16:46:53.676047", "stderr": "", "stderr_lines": [], "stdout": "", "stdout_lines": []}
changed: [node1] => {"changed": true, "cmd": "wrmsr -p0 0x620 0x1414", "delta": "0:00:00.003705", "end": "2023-09-13 16:46:53.702504", "rc": 0, "start": "2023-09-13 16:46:53.698799", "stderr": "", "stderr_lines": [], "stdout": "", "stdout_lines": []}

PLAY RECAP *********************************************************************
node1                      : ok=3    changed=2    unreachable=0    failed=0    skipped=0    rescued=0    ignored=0   
node2                      : ok=3    changed=2    unreachable=0    failed=0    skipped=0    rescued=0    ignored=0   

Nothing found in stack: microsuite
Using /users/cseas002/HDSearch-Multinode/ansible.cfg as config file

PLAY [Set profiler] ************************************************************

PLAY [Run remote profiler] *****************************************************

PLAY [Kill remote profiler] ****************************************************

TASK [Gathering Facts] *********************************************************
ok: [node2]
ok: [node1]

TASK [Kill remote profiler] ****************************************************
fatal: [node2]: FAILED! => {"changed": true, "cmd": "cd /users/cseas002/HDSearch-Multinode/profiler; sudo ./profiler.sh kill_profiler", "delta": "0:00:04.458804", "end": "2023-09-13 16:47:01.206863", "msg": "non-zero return code", "rc": -15, "start": "2023-09-13 16:46:56.748059", "stderr": "[DEPRECATION WARNING]: Distribution Ubuntu 18.04 on host node2 should use \n/usr/bin/python3, but is using /usr/bin/python for backward compatibility with \nprior Ansible releases. A future Ansible release will default to using the \ndiscovered platform python for this host. See https://docs.ansible.com/ansible/\n2.9/reference_appendices/interpreter_discovery.html for more information. This \nfeature will be removed in version 2.12. Deprecation warnings can be disabled \nby setting deprecation_warnings=False in ansible.cfg.", "stderr_lines": ["[DEPRECATION WARNING]: Distribution Ubuntu 18.04 on host node2 should use ", "/usr/bin/python3, but is using /usr/bin/python for backward compatibility with ", "prior Ansible releases. A future Ansible release will default to using the ", "discovered platform python for this host. See https://docs.ansible.com/ansible/", "2.9/reference_appendices/interpreter_discovery.html for more information. This ", "feature will be removed in version 2.12. Deprecation warnings can be disabled ", "by setting deprecation_warnings=False in ansible.cfg."], "stdout": "Using /etc/ansible/ansible.cfg as config file\n\nPLAY [Run remote profiler] *****************************************************\n\nPLAY [Kill remote profiler] ****************************************************\n\nTASK [Gathering Facts] *********************************************************\nok: [node2]\n\nTASK [Get the PID of running process] ******************************************\nchanged: [node2] => {\"changed\": true, \"cmd\": \"ps -few | grep profiler | awk '{print $2}'\", \"delta\": \"0:00:00.025845\", \"end\": \"2023-09-13 16:46:59.598040\", \"rc\": 0, \"start\": \"2023-09-13 16:46:59.572195\", \"stderr\": \"\", \"stderr_lines\": [], \"stdout\": \"5751\\n5752\\n5753\\n5754\\n5948\\n5971\\n5973\", \"stdout_lines\": [\"5751\", \"5752\", \"5753\", \"5754\", \"5948\", \"5971\", \"5973\"]}\n\nTASK [Kill remote profiler] ****************************************************\nchanged: [node2] => (item=5751) => {\"ansible_loop_var\": \"item\", \"changed\": true, \"cmd\": \"kill 5751\", \"delta\": \"0:00:00.002600\", \"end\": \"2023-09-13 16:46:59.906691\", \"item\": \"5751\", \"rc\": 0, \"start\": \"2023-09-13 16:46:59.904091\", \"stderr\": \"\", \"stderr_lines\": [], \"stdout\": \"\", \"stdout_lines\": []}\nchanged: [node2] => (item=5752) => {\"ansible_loop_var\": \"item\", \"changed\": true, \"cmd\": \"kill 5752\", \"delta\": \"0:00:00.002602\", \"end\": \"2023-09-13 16:47:00.120446\", \"item\": \"5752\", \"rc\": 0, \"start\": \"2023-09-13 16:47:00.117844\", \"stderr\": \"\", \"stderr_lines\": [], \"stdout\": \"\", \"stdout_lines\": []}\nfailed: [node2] (item=5753) => {\"ansible_loop_var\": \"item\", \"changed\": true, \"cmd\": \"kill 5753\", \"delta\": \"0:00:00.002471\", \"end\": \"2023-09-13 16:47:00.327418\", \"item\": \"5753\", \"msg\": \"non-zero return code\", \"rc\": 1, \"start\": \"2023-09-13 16:47:00.324947\", \"stderr\": \"/bin/sh: 1: kill: No such process\", \"stderr_lines\": [\"/bin/sh: 1: kill: No such process\"], \"stdout\": \"\", \"stdout_lines\": []}", "stdout_lines": ["Using /etc/ansible/ansible.cfg as config file", "", "PLAY [Run remote profiler] *****************************************************", "", "PLAY [Kill remote profiler] ****************************************************", "", "TASK [Gathering Facts] *********************************************************", "ok: [node2]", "", "TASK [Get the PID of running process] ******************************************", "changed: [node2] => {\"changed\": true, \"cmd\": \"ps -few | grep profiler | awk '{print $2}'\", \"delta\": \"0:00:00.025845\", \"end\": \"2023-09-13 16:46:59.598040\", \"rc\": 0, \"start\": \"2023-09-13 16:46:59.572195\", \"stderr\": \"\", \"stderr_lines\": [], \"stdout\": \"5751\\n5752\\n5753\\n5754\\n5948\\n5971\\n5973\", \"stdout_lines\": [\"5751\", \"5752\", \"5753\", \"5754\", \"5948\", \"5971\", \"5973\"]}", "", "TASK [Kill remote profiler] ****************************************************", "changed: [node2] => (item=5751) => {\"ansible_loop_var\": \"item\", \"changed\": true, \"cmd\": \"kill 5751\", \"delta\": \"0:00:00.002600\", \"end\": \"2023-09-13 16:46:59.906691\", \"item\": \"5751\", \"rc\": 0, \"start\": \"2023-09-13 16:46:59.904091\", \"stderr\": \"\", \"stderr_lines\": [], \"stdout\": \"\", \"stdout_lines\": []}", "changed: [node2] => (item=5752) => {\"ansible_loop_var\": \"item\", \"changed\": true, \"cmd\": \"kill 5752\", \"delta\": \"0:00:00.002602\", \"end\": \"2023-09-13 16:47:00.120446\", \"item\": \"5752\", \"rc\": 0, \"start\": \"2023-09-13 16:47:00.117844\", \"stderr\": \"\", \"stderr_lines\": [], \"stdout\": \"\", \"stdout_lines\": []}", "failed: [node2] (item=5753) => {\"ansible_loop_var\": \"item\", \"changed\": true, \"cmd\": \"kill 5753\", \"delta\": \"0:00:00.002471\", \"end\": \"2023-09-13 16:47:00.327418\", \"item\": \"5753\", \"msg\": \"non-zero return code\", \"rc\": 1, \"start\": \"2023-09-13 16:47:00.324947\", \"stderr\": \"/bin/sh: 1: kill: No such process\", \"stderr_lines\": [\"/bin/sh: 1: kill: No such process\"], \"stdout\": \"\", \"stdout_lines\": []}"]}
...ignoring
fatal: [node1]: FAILED! => {"changed": true, "cmd": "cd /users/cseas002/HDSearch-Multinode/profiler; sudo ./profiler.sh kill_profiler", "delta": "0:00:04.461439", "end": "2023-09-13 16:47:01.208584", "msg": "non-zero return code", "rc": -15, "start": "2023-09-13 16:46:56.747145", "stderr": "[DEPRECATION WARNING]: Distribution Ubuntu 18.04 on host node1 should use \n/usr/bin/python3, but is using /usr/bin/python for backward compatibility with \nprior Ansible releases. A future Ansible release will default to using the \ndiscovered platform python for this host. See https://docs.ansible.com/ansible/\n2.9/reference_appendices/interpreter_discovery.html for more information. This \nfeature will be removed in version 2.12. Deprecation warnings can be disabled \nby setting deprecation_warnings=False in ansible.cfg.", "stderr_lines": ["[DEPRECATION WARNING]: Distribution Ubuntu 18.04 on host node1 should use ", "/usr/bin/python3, but is using /usr/bin/python for backward compatibility with ", "prior Ansible releases. A future Ansible release will default to using the ", "discovered platform python for this host. See https://docs.ansible.com/ansible/", "2.9/reference_appendices/interpreter_discovery.html for more information. This ", "feature will be removed in version 2.12. Deprecation warnings can be disabled ", "by setting deprecation_warnings=False in ansible.cfg."], "stdout": "Using /etc/ansible/ansible.cfg as config file\n\nPLAY [Run remote profiler] *****************************************************\n\nPLAY [Kill remote profiler] ****************************************************\n\nTASK [Gathering Facts] *********************************************************\nok: [node1]\n\nTASK [Get the PID of running process] ******************************************\nchanged: [node1] => {\"changed\": true, \"cmd\": \"ps -few | grep profiler | awk '{print $2}'\", \"delta\": \"0:00:00.025973\", \"end\": \"2023-09-13 16:46:59.602626\", \"rc\": 0, \"start\": \"2023-09-13 16:46:59.576653\", \"stderr\": \"\", \"stderr_lines\": [], \"stdout\": \"5696\\n5697\\n5698\\n5699\\n5892\\n5915\\n5917\", \"stdout_lines\": [\"5696\", \"5697\", \"5698\", \"5699\", \"5892\", \"5915\", \"5917\"]}\n\nTASK [Kill remote profiler] ****************************************************\nchanged: [node1] => (item=5696) => {\"ansible_loop_var\": \"item\", \"changed\": true, \"cmd\": \"kill 5696\", \"delta\": \"0:00:00.002370\", \"end\": \"2023-09-13 16:46:59.910266\", \"item\": \"5696\", \"rc\": 0, \"start\": \"2023-09-13 16:46:59.907896\", \"stderr\": \"\", \"stderr_lines\": [], \"stdout\": \"\", \"stdout_lines\": []}\nchanged: [node1] => (item=5697) => {\"ansible_loop_var\": \"item\", \"changed\": true, \"cmd\": \"kill 5697\", \"delta\": \"0:00:00.002575\", \"end\": \"2023-09-13 16:47:00.117700\", \"item\": \"5697\", \"rc\": 0, \"start\": \"2023-09-13 16:47:00.115125\", \"stderr\": \"\", \"stderr_lines\": [], \"stdout\": \"\", \"stdout_lines\": []}\nfailed: [node1] (item=5698) => {\"ansible_loop_var\": \"item\", \"changed\": true, \"cmd\": \"kill 5698\", \"delta\": \"0:00:00.002690\", \"end\": \"2023-09-13 16:47:00.327042\", \"item\": \"5698\", \"msg\": \"non-zero return code\", \"rc\": 1, \"start\": \"2023-09-13 16:47:00.324352\", \"stderr\": \"/bin/sh: 1: kill: No such process\", \"stderr_lines\": [\"/bin/sh: 1: kill: No such process\"], \"stdout\": \"\", \"stdout_lines\": []}", "stdout_lines": ["Using /etc/ansible/ansible.cfg as config file", "", "PLAY [Run remote profiler] *****************************************************", "", "PLAY [Kill remote profiler] ****************************************************", "", "TASK [Gathering Facts] *********************************************************", "ok: [node1]", "", "TASK [Get the PID of running process] ******************************************", "changed: [node1] => {\"changed\": true, \"cmd\": \"ps -few | grep profiler | awk '{print $2}'\", \"delta\": \"0:00:00.025973\", \"end\": \"2023-09-13 16:46:59.602626\", \"rc\": 0, \"start\": \"2023-09-13 16:46:59.576653\", \"stderr\": \"\", \"stderr_lines\": [], \"stdout\": \"5696\\n5697\\n5698\\n5699\\n5892\\n5915\\n5917\", \"stdout_lines\": [\"5696\", \"5697\", \"5698\", \"5699\", \"5892\", \"5915\", \"5917\"]}", "", "TASK [Kill remote profiler] ****************************************************", "changed: [node1] => (item=5696) => {\"ansible_loop_var\": \"item\", \"changed\": true, \"cmd\": \"kill 5696\", \"delta\": \"0:00:00.002370\", \"end\": \"2023-09-13 16:46:59.910266\", \"item\": \"5696\", \"rc\": 0, \"start\": \"2023-09-13 16:46:59.907896\", \"stderr\": \"\", \"stderr_lines\": [], \"stdout\": \"\", \"stdout_lines\": []}", "changed: [node1] => (item=5697) => {\"ansible_loop_var\": \"item\", \"changed\": true, \"cmd\": \"kill 5697\", \"delta\": \"0:00:00.002575\", \"end\": \"2023-09-13 16:47:00.117700\", \"item\": \"5697\", \"rc\": 0, \"start\": \"2023-09-13 16:47:00.115125\", \"stderr\": \"\", \"stderr_lines\": [], \"stdout\": \"\", \"stdout_lines\": []}", "failed: [node1] (item=5698) => {\"ansible_loop_var\": \"item\", \"changed\": true, \"cmd\": \"kill 5698\", \"delta\": \"0:00:00.002690\", \"end\": \"2023-09-13 16:47:00.327042\", \"item\": \"5698\", \"msg\": \"non-zero return code\", \"rc\": 1, \"start\": \"2023-09-13 16:47:00.324352\", \"stderr\": \"/bin/sh: 1: kill: No such process\", \"stderr_lines\": [\"/bin/sh: 1: kill: No such process\"], \"stdout\": \"\", \"stdout_lines\": []}"]}
...ignoring

PLAY RECAP *********************************************************************
node1                      : ok=2    changed=1    unreachable=0    failed=0    skipped=0    rescued=0    ignored=1   
node2                      : ok=2    changed=1    unreachable=0    failed=0    skipped=0    rescued=0    ignored=1   

INFO:root:ssh node0 hostname
INFO:root:Connection closed by 10.10.1.1 port 22
['node2']['node1']
ssh -n node2 "cd /users/cseas002/HDSearch-Multinode; sudo python3 configure.py -v --turbo=False --kernelconfig=baseline -v"
ssh -n node1 "cd /users/cseas002/HDSearch-Multinode; sudo python3 configure.py -v --turbo=False --kernelconfig=baseline -v"
ansible-playbook -v -i hosts -e "" --tags "setup_docker" ansible/install.yml
ansible-playbook -v -i hosts -e "" --tags "set_profiler_hosts" ansible/profiler.yml
ansible-playbook -v -i hosts -e "" --tags "leave_swarm" ansible/hdsearch.yml
ansible-playbook -v -i hosts -e "" --tags "init_master" ansible/hdsearch.yml
ansible-playbook -v -i hosts -e "" --tags "init_workers" ansible/hdsearch.yml
ansible-playbook -v -i hosts -e "MSR_VALUE=0x1414"  ansible/configure.yml
ansible-playbook -v -i hosts -e "" --tags "kill_profiler" ansible/profiler.yml
Traceback (most recent call last):
  File "run_experiment.py", line 432, in <module>
    main(sys.argv[1:])
  File "run_experiment.py", line 428, in main
    run_multiple_experiments('/users/cseas002/data', batch_name, system_conf, client_conf, midtier_conf, bucket_conf, iter)
  File "run_experiment.py", line 352, in run_multiple_experiments
    status = run_single_experiment(system_conf,root_results_dir, name_prefix, instance_conf, iter,bucket,midtier)
  File "run_experiment.py", line 272, in run_single_experiment
    run_remote(client_conf)
  File "run_experiment.py", line 167, in run_remote
    os.environ[str(key)] = exec_command("ssh node{} hostname".format(i))[0]
IndexError: list index out of range
