INFO:Target kernel configuration
INFO:  name: baseline
INFO:  config: {'pstate': False, 'c1': '2_2', 'c1e': '10_20', 'c6': True}
INFO:Current kernel configuration is not known
INFO:Configure grub
INFO:Set GRUB_DEFAULT="1>0"
INFO:Set GRUB_CMDLINE_LINUX="console=ttyS0,115200 intel_pstate=disable"
Sourcing file `/etc/default/grub'
Generating grub configuration file ...
Found linux image: /boot/vmlinuz-4.15.0-169-generic
Found initrd image: /boot/initrd.img-4.15.0-169-generic
Found memtest86+ image: /boot/memtest86+.elf
Found memtest86+ image: /boot/memtest86+.bin
done
INFO:Reboot machine and rerun configure to finish configuration
INFO:root:Rebooting remote host node2...
Connection to node2 closed by remote host.
INFO:root:Waiting for remote host node2...
PING node2-link-1 (10.10.1.3) 56(84) bytes of data.

--- node2-link-1 ping statistics ---
1 packets transmitted, 0 received, 100% packet loss, time 0ms

INFO:root:Waiting for remote host node2...
PING node2-link-1 (10.10.1.3) 56(84) bytes of data.
From node0-link-1 (10.10.1.1) icmp_seq=1 Destination Host Unreachable

--- node2-link-1 ping statistics ---
1 packets transmitted, 0 received, +1 errors, 100% packet loss, time 0ms

INFO:root:Waiting for remote host node2...
PING node2-link-1 (10.10.1.3) 56(84) bytes of data.
From node0-link-1 (10.10.1.1) icmp_seq=1 Destination Host Unreachable

--- node2-link-1 ping statistics ---
1 packets transmitted, 0 received, +1 errors, 100% packet loss, time 0ms

INFO:root:Waiting for remote host node2...
PING node2-link-1 (10.10.1.3) 56(84) bytes of data.
From node0-link-1 (10.10.1.1) icmp_seq=1 Destination Host Unreachable

--- node2-link-1 ping statistics ---
1 packets transmitted, 0 received, +1 errors, 100% packet loss, time 0ms

INFO:root:Waiting for remote host node2...
PING node2-link-1 (10.10.1.3) 56(84) bytes of data.
From node0-link-1 (10.10.1.1) icmp_seq=1 Destination Host Unreachable

--- node2-link-1 ping statistics ---
1 packets transmitted, 0 received, +1 errors, 100% packet loss, time 0ms

INFO:root:Waiting for remote host node2...
PING node2-link-1 (10.10.1.3) 56(84) bytes of data.
From node0-link-1 (10.10.1.1) icmp_seq=1 Destination Host Unreachable

--- node2-link-1 ping statistics ---
1 packets transmitted, 0 received, +1 errors, 100% packet loss, time 0ms

INFO:root:Waiting for remote host node2...
PING node2-link-1 (10.10.1.3) 56(84) bytes of data.
From node0-link-1 (10.10.1.1) icmp_seq=1 Destination Host Unreachable

--- node2-link-1 ping statistics ---
1 packets transmitted, 0 received, +1 errors, 100% packet loss, time 0ms

INFO:root:Waiting for remote host node2...
PING node2-link-1 (10.10.1.3) 56(84) bytes of data.
From node0-link-1 (10.10.1.1) icmp_seq=1 Destination Host Unreachable

--- node2-link-1 ping statistics ---
1 packets transmitted, 0 received, +1 errors, 100% packet loss, time 0ms

INFO:root:Waiting for remote host node2...
PING node2-link-1 (10.10.1.3) 56(84) bytes of data.
64 bytes from node2-link-1 (10.10.1.3): icmp_seq=1 ttl=64 time=0.242 ms

--- node2-link-1 ping statistics ---
1 packets transmitted, 1 received, 0% packet loss, time 0ms
rtt min/avg/max/mdev = 0.242/0.242/0.242/0.000 ms
INFO:Target kernel configuration
INFO:  name: baseline
INFO:  config: {'pstate': False, 'c1': '2_2', 'c1e': '10_20', 'c6': True}
INFO:Current kernel configuration is not known
INFO:Configure grub
INFO:Set GRUB_DEFAULT="1>0"
INFO:Set GRUB_CMDLINE_LINUX="console=ttyS0,115200 intel_pstate=disable"
Sourcing file `/etc/default/grub'
Generating grub configuration file ...
Found linux image: /boot/vmlinuz-4.15.0-169-generic
Found initrd image: /boot/initrd.img-4.15.0-169-generic
Found memtest86+ image: /boot/memtest86+.elf
Found memtest86+ image: /boot/memtest86+.bin
done
INFO:Reboot machine and rerun configure to finish configuration
forceoff
Setting cpu: 0
Setting cpu: 1
Setting cpu: 2
Setting cpu: 3
Setting cpu: 4
Setting cpu: 5
Setting cpu: 6
Setting cpu: 7
Setting cpu: 8
Setting cpu: 9
Setting cpu: 10
Setting cpu: 11
Setting cpu: 12
Setting cpu: 13
Setting cpu: 14
Setting cpu: 15
Setting cpu: 16
Setting cpu: 17
Setting cpu: 18
Setting cpu: 19
0
core 0: disabled
core 1: disabled
core 2: disabled
core 3: disabled
core 4: disabled
core 5: disabled
core 6: disabled
core 7: disabled
core 8: disabled
core 9: disabled
core 10: disabled
core 11: disabled
core 12: disabled
core 13: disabled
core 14: disabled
core 15: disabled
core 16: disabled
core 17: disabled
core 18: disabled
core 19: disabled
INFO:Target kernel configuration
INFO:  name: baseline
INFO:  config: {'pstate': False, 'c1': '2_2', 'c1e': '10_20', 'c6': True}
INFO:Current kernel configuration is not known
INFO:Configure grub
INFO:Set GRUB_DEFAULT="1>0"
INFO:Set GRUB_CMDLINE_LINUX="console=ttyS0,115200 intel_pstate=disable"
Sourcing file `/etc/default/grub'
Generating grub configuration file ...
Found linux image: /boot/vmlinuz-4.15.0-169-generic
Found initrd image: /boot/initrd.img-4.15.0-169-generic
Found memtest86+ image: /boot/memtest86+.elf
Found memtest86+ image: /boot/memtest86+.bin
done
INFO:Reboot machine and rerun configure to finish configuration
INFO:root:Rebooting remote host node1...
Connection to node1 closed by remote host.
INFO:root:Waiting for remote host node1...
PING node1-link-1 (10.10.1.2) 56(84) bytes of data.

--- node1-link-1 ping statistics ---
1 packets transmitted, 0 received, 100% packet loss, time 0ms

INFO:root:Waiting for remote host node1...
PING node1-link-1 (10.10.1.2) 56(84) bytes of data.
From node0-link-1 (10.10.1.1) icmp_seq=1 Destination Host Unreachable

--- node1-link-1 ping statistics ---
1 packets transmitted, 0 received, +1 errors, 100% packet loss, time 0ms

INFO:root:Waiting for remote host node1...
PING node1-link-1 (10.10.1.2) 56(84) bytes of data.
From node0-link-1 (10.10.1.1) icmp_seq=1 Destination Host Unreachable

--- node1-link-1 ping statistics ---
1 packets transmitted, 0 received, +1 errors, 100% packet loss, time 0ms

INFO:root:Waiting for remote host node1...
PING node1-link-1 (10.10.1.2) 56(84) bytes of data.
From node0-link-1 (10.10.1.1) icmp_seq=1 Destination Host Unreachable

--- node1-link-1 ping statistics ---
1 packets transmitted, 0 received, +1 errors, 100% packet loss, time 0ms

INFO:root:Waiting for remote host node1...
PING node1-link-1 (10.10.1.2) 56(84) bytes of data.
From node0-link-1 (10.10.1.1) icmp_seq=1 Destination Host Unreachable

--- node1-link-1 ping statistics ---
1 packets transmitted, 0 received, +1 errors, 100% packet loss, time 0ms

INFO:root:Waiting for remote host node1...
PING node1-link-1 (10.10.1.2) 56(84) bytes of data.
From node0-link-1 (10.10.1.1) icmp_seq=1 Destination Host Unreachable

--- node1-link-1 ping statistics ---
1 packets transmitted, 0 received, +1 errors, 100% packet loss, time 0ms

INFO:root:Waiting for remote host node1...
PING node1-link-1 (10.10.1.2) 56(84) bytes of data.
64 bytes from node1-link-1 (10.10.1.2): icmp_seq=1 ttl=64 time=0.234 ms

--- node1-link-1 ping statistics ---
1 packets transmitted, 1 received, 0% packet loss, time 0ms
rtt min/avg/max/mdev = 0.234/0.234/0.234/0.000 ms
INFO:Target kernel configuration
INFO:  name: baseline
INFO:  config: {'pstate': False, 'c1': '2_2', 'c1e': '10_20', 'c6': True}
INFO:Current kernel configuration is not known
INFO:Configure grub
INFO:Set GRUB_DEFAULT="1>0"
INFO:Set GRUB_CMDLINE_LINUX="console=ttyS0,115200 intel_pstate=disable"
Sourcing file `/etc/default/grub'
Generating grub configuration file ...
Found linux image: /boot/vmlinuz-4.15.0-169-generic
Found initrd image: /boot/initrd.img-4.15.0-169-generic
Found memtest86+ image: /boot/memtest86+.elf
Found memtest86+ image: /boot/memtest86+.bin
done
INFO:Reboot machine and rerun configure to finish configuration
forceoff
Setting cpu: 0
Setting cpu: 1
Setting cpu: 2
Setting cpu: 3
Setting cpu: 4
Setting cpu: 5
Setting cpu: 6
Setting cpu: 7
Setting cpu: 8
Setting cpu: 9
Setting cpu: 10
Setting cpu: 11
Setting cpu: 12
Setting cpu: 13
Setting cpu: 14
Setting cpu: 15
Setting cpu: 16
Setting cpu: 17
Setting cpu: 18
Setting cpu: 19
0
core 0: disabled
core 1: disabled
core 2: disabled
core 3: disabled
core 4: disabled
core 5: disabled
core 6: disabled
core 7: disabled
core 8: disabled
core 9: disabled
core 10: disabled
core 11: disabled
core 12: disabled
core 13: disabled
core 14: disabled
core 15: disabled
core 16: disabled
core 17: disabled
core 18: disabled
core 19: disabled
Using /users/cseas002/HDSearch-Multinode/ansible.cfg as config file

PLAY [Install HDSearch] ********************************************************

TASK [Gathering Facts] *********************************************************
ok: [node1]
ok: [node2]

PLAY [Set Up Docker Curl] ******************************************************

TASK [Gathering Facts] *********************************************************
ok: [node2]
ok: [node1]
ok: [node0]

PLAY [Make space to commit] ****************************************************

TASK [Gathering Facts] *********************************************************
ok: [node0]
ok: [node1]
ok: [node2]

TASK [Make Space to Commit Image] **********************************************
[WARNING]: Consider using 'become', 'become_method', and 'become_user' rather
than running sudo
changed: [node1] => {"changed": true, "cmd": ["sudo", "/users/cseas002/HDSearch-Multinode/scripts/change-storage-location-docker.sh"], "delta": "0:00:00.461647", "end": "2023-09-13 17:29:15.231881", "rc": 0, "start": "2023-09-13 17:29:14.770234", "stderr": "\"docker rm\" requires at least 1 argument.\nSee 'docker rm --help'.\n\nUsage:  docker rm [OPTIONS] CONTAINER [CONTAINER...]\n\nRemove one or more containers\n\"docker rmi\" requires at least 1 argument.\nSee 'docker rmi --help'.\n\nUsage:  docker rmi [OPTIONS] IMAGE [IMAGE...]\n\nRemove one or more images\nWarning: Stopping docker.service, but it can still be activated by:\n  docker.socket\numount: /var/lib/docker: not mounted.", "stderr_lines": ["\"docker rm\" requires at least 1 argument.", "See 'docker rm --help'.", "", "Usage:  docker rm [OPTIONS] CONTAINER [CONTAINER...]", "", "Remove one or more containers", "\"docker rmi\" requires at least 1 argument.", "See 'docker rmi --help'.", "", "Usage:  docker rmi [OPTIONS] IMAGE [IMAGE...]", "", "Remove one or more images", "Warning: Stopping docker.service, but it can still be activated by:", "  docker.socket", "umount: /var/lib/docker: not mounted."], "stdout": "", "stdout_lines": []}
changed: [node2] => {"changed": true, "cmd": ["sudo", "/users/cseas002/HDSearch-Multinode/scripts/change-storage-location-docker.sh"], "delta": "0:00:00.576245", "end": "2023-09-13 17:29:15.343544", "rc": 0, "start": "2023-09-13 17:29:14.767299", "stderr": "\"docker rm\" requires at least 1 argument.\nSee 'docker rm --help'.\n\nUsage:  docker rm [OPTIONS] CONTAINER [CONTAINER...]\n\nRemove one or more containers\n\"docker rmi\" requires at least 1 argument.\nSee 'docker rmi --help'.\n\nUsage:  docker rmi [OPTIONS] IMAGE [IMAGE...]\n\nRemove one or more images\nWarning: Stopping docker.service, but it can still be activated by:\n  docker.socket\numount: /var/lib/docker: not mounted.", "stderr_lines": ["\"docker rm\" requires at least 1 argument.", "See 'docker rm --help'.", "", "Usage:  docker rm [OPTIONS] CONTAINER [CONTAINER...]", "", "Remove one or more containers", "\"docker rmi\" requires at least 1 argument.", "See 'docker rmi --help'.", "", "Usage:  docker rmi [OPTIONS] IMAGE [IMAGE...]", "", "Remove one or more images", "Warning: Stopping docker.service, but it can still be activated by:", "  docker.socket", "umount: /var/lib/docker: not mounted."], "stdout": "", "stdout_lines": []}
changed: [node0] => {"changed": true, "cmd": ["sudo", "/users/cseas002/HDSearch-Multinode/scripts/change-storage-location-docker.sh"], "delta": "0:00:07.603967", "end": "2023-09-13 17:29:21.809901", "rc": 0, "start": "2023-09-13 17:29:14.205934", "stderr": "\"docker rm\" requires at least 1 argument.\nSee 'docker rm --help'.\n\nUsage:  docker rm [OPTIONS] CONTAINER [CONTAINER...]\n\nRemove one or more containers\n\"docker rmi\" requires at least 1 argument.\nSee 'docker rmi --help'.\n\nUsage:  docker rmi [OPTIONS] IMAGE [IMAGE...]\n\nRemove one or more images\nWarning: Stopping docker.service, but it can still be activated by:\n  docker.socket\nmkdir: cannot create directory '/dev/mkdocker': File exists", "stderr_lines": ["\"docker rm\" requires at least 1 argument.", "See 'docker rm --help'.", "", "Usage:  docker rm [OPTIONS] CONTAINER [CONTAINER...]", "", "Remove one or more containers", "\"docker rmi\" requires at least 1 argument.", "See 'docker rmi --help'.", "", "Usage:  docker rmi [OPTIONS] IMAGE [IMAGE...]", "", "Remove one or more images", "Warning: Stopping docker.service, but it can still be activated by:", "  docker.socket", "mkdir: cannot create directory '/dev/mkdocker': File exists"], "stdout": "", "stdout_lines": []}

PLAY [Install Profiler Dep] ****************************************************

PLAY RECAP *********************************************************************
node0                      : ok=3    changed=1    unreachable=0    failed=0    skipped=0    rescued=0    ignored=0   
node1                      : ok=4    changed=1    unreachable=0    failed=0    skipped=0    rescued=0    ignored=0   
node2                      : ok=4    changed=1    unreachable=0    failed=0    skipped=0    rescued=0    ignored=0   

Using /users/cseas002/HDSearch-Multinode/ansible.cfg as config file

PLAY [Set profiler] ************************************************************

TASK [Gathering Facts] *********************************************************
ok: [node2]
ok: [node1]

TASK [Set profiler Hosts] ******************************************************
changed: [node2] => {"ansible_job_id": "120523132015.4933", "changed": true, "finished": 0, "results_file": "/users/cseas002/.ansible_async/120523132015.4933", "started": 1}
changed: [node1] => {"ansible_job_id": "248859722361.4827", "changed": true, "finished": 0, "results_file": "/users/cseas002/.ansible_async/248859722361.4827", "started": 1}

PLAY [Run remote profiler] *****************************************************

PLAY [Kill remote profiler] ****************************************************

PLAY RECAP *********************************************************************
node1                      : ok=2    changed=1    unreachable=0    failed=0    skipped=0    rescued=0    ignored=0   
node2                      : ok=2    changed=1    unreachable=0    failed=0    skipped=0    rescued=0    ignored=0   

Using /users/cseas002/HDSearch-Multinode/ansible.cfg as config file

PLAY [Initialize cluster manager] **********************************************

PLAY [Initialize workers] ******************************************************

PLAY [Check Status of run] *****************************************************

PLAY [Leave Swarm] *************************************************************

TASK [Gathering Facts] *********************************************************
ok: [node1]
ok: [node2]
ok: [node0]

TASK [Leave Swarm] *************************************************************
changed: [node1] => {"ansible_job_id": "234289552281.4936", "changed": true, "finished": 0, "results_file": "/users/cseas002/.ansible_async/234289552281.4936", "started": 1}
changed: [node2] => {"ansible_job_id": "350454364081.5042", "changed": true, "finished": 0, "results_file": "/users/cseas002/.ansible_async/350454364081.5042", "started": 1}
changed: [node0] => {"ansible_job_id": "851605183148.19783", "changed": true, "finished": 0, "results_file": "/users/cseas002/.ansible_async/851605183148.19783", "started": 1}

PLAY RECAP *********************************************************************
node0                      : ok=2    changed=1    unreachable=0    failed=0    skipped=0    rescued=0    ignored=0   
node1                      : ok=2    changed=1    unreachable=0    failed=0    skipped=0    rescued=0    ignored=0   
node2                      : ok=2    changed=1    unreachable=0    failed=0    skipped=0    rescued=0    ignored=0   

Using /users/cseas002/HDSearch-Multinode/ansible.cfg as config file

PLAY [Initialize cluster manager] **********************************************

TASK [Gathering Facts] *********************************************************
ok: [node0]

TASK [Init Master] *************************************************************
[WARNING]: Consider using 'become', 'become_method', and 'become_user' rather
than running sudo
changed: [node0] => {"changed": true, "cmd": "sudo docker swarm init --advertise-addr 10.10.1.1", "delta": "0:00:03.841061", "end": "2023-09-13 17:29:33.967044", "rc": 0, "start": "2023-09-13 17:29:30.125983", "stderr": "", "stderr_lines": [], "stdout": "Swarm initialized: current node (2vrrg0o1fl1vp8b8zmre9cx26) is now a manager.\n\nTo add a worker to this swarm, run the following command:\n\n    docker swarm join --token SWMTKN-1-41meohlriuobjh8a9wq82cc6o6me1tw7fm5pugm65g0irc3lci-2g6f3hv7tn8bzuafx1fh7xj0q 10.10.1.1:2377\n\nTo add a manager to this swarm, run 'docker swarm join-token manager' and follow the instructions.", "stdout_lines": ["Swarm initialized: current node (2vrrg0o1fl1vp8b8zmre9cx26) is now a manager.", "", "To add a worker to this swarm, run the following command:", "", "    docker swarm join --token SWMTKN-1-41meohlriuobjh8a9wq82cc6o6me1tw7fm5pugm65g0irc3lci-2g6f3hv7tn8bzuafx1fh7xj0q 10.10.1.1:2377", "", "To add a manager to this swarm, run 'docker swarm join-token manager' and follow the instructions."]}

PLAY [Initialize workers] ******************************************************

PLAY [Check Status of run] *****************************************************

PLAY [Leave Swarm] *************************************************************

PLAY RECAP *********************************************************************
node0                      : ok=2    changed=1    unreachable=0    failed=0    skipped=0    rescued=0    ignored=0   

Using /users/cseas002/HDSearch-Multinode/ansible.cfg as config file

PLAY [Initialize cluster manager] **********************************************

PLAY [Initialize workers] ******************************************************

TASK [Gathering Facts] *********************************************************
ok: [node2]
ok: [node1]

TASK [Init Workers] ************************************************************
changed: [node1] => {"ansible_job_id": "514300528999.5060", "changed": true, "finished": 0, "results_file": "/users/cseas002/.ansible_async/514300528999.5060", "started": 1}
changed: [node2] => {"ansible_job_id": "756357512074.5154", "changed": true, "finished": 0, "results_file": "/users/cseas002/.ansible_async/756357512074.5154", "started": 1}

PLAY [Check Status of run] *****************************************************

PLAY [Leave Swarm] *************************************************************

PLAY RECAP *********************************************************************
node1                      : ok=2    changed=1    unreachable=0    failed=0    skipped=0    rescued=0    ignored=0   
node2                      : ok=2    changed=1    unreachable=0    failed=0    skipped=0    rescued=0    ignored=0   

Using /users/cseas002/HDSearch-Multinode/ansible.cfg as config file

PLAY [Set uncore frequency] ****************************************************

TASK [Gathering Facts] *********************************************************
ok: [node1]
[WARNING]: Unhandled error in Python interpreter discovery for host node2:
Failed to connect to the host via ssh: ssh: connect to host node2 port 22: No
route to host
fatal: [node2]: UNREACHABLE! => {"changed": false, "msg": "Data could not be sent to remote host \"node2\". Make sure this host can be reached over ssh: ssh: connect to host node2 port 22: No route to host\r\n", "unreachable": true}

TASK [Load msr kernel module] **************************************************
changed: [node1] => {"changed": true, "cmd": "modprobe msr", "delta": "0:00:00.004360", "end": "2023-09-13 17:38:05.687186", "rc": 0, "start": "2023-09-13 17:38:05.682826", "stderr": "", "stderr_lines": [], "stdout": "", "stdout_lines": []}

TASK [Set uncore freq] *********************************************************
changed: [node1] => {"changed": true, "cmd": "wrmsr -p0 0x620 0x1414", "delta": "0:00:00.003364", "end": "2023-09-13 17:38:05.922240", "rc": 0, "start": "2023-09-13 17:38:05.918876", "stderr": "", "stderr_lines": [], "stdout": "", "stdout_lines": []}

PLAY RECAP *********************************************************************
node1                      : ok=3    changed=2    unreachable=0    failed=0    skipped=0    rescued=0    ignored=0   
node2                      : ok=0    changed=0    unreachable=1    failed=0    skipped=0    rescued=0    ignored=0   

Nothing found in stack: microsuite
Using /users/cseas002/HDSearch-Multinode/ansible.cfg as config file

PLAY [Set profiler] ************************************************************

PLAY [Run remote profiler] *****************************************************

PLAY [Kill remote profiler] ****************************************************

TASK [Gathering Facts] *********************************************************
[WARNING]: Unhandled error in Python interpreter discovery for host node2:
Failed to connect to the host via ssh: ssh: connect to host node2 port 22: No
route to host
ok: [node1]
fatal: [node2]: UNREACHABLE! => {"changed": false, "msg": "Data could not be sent to remote host \"node2\". Make sure this host can be reached over ssh: ssh: connect to host node2 port 22: No route to host\r\n", "unreachable": true}

TASK [Kill remote profiler] ****************************************************
fatal: [node1]: FAILED! => {"changed": true, "cmd": "cd /users/cseas002/HDSearch-Multinode/profiler; sudo ./profiler.sh kill_profiler", "delta": "0:00:00.810111", "end": "2023-09-13 17:38:12.639934", "msg": "non-zero return code", "rc": 4, "start": "2023-09-13 17:38:11.829823", "stderr": "ERROR! We were unable to read either as JSON nor YAML, these are the errors we got from each:\nJSON: No JSON object could be decoded\n\nSyntax Error while loading YAML.\n  could not find expected ':'\n\nThe error appears to be in '/users/cseas002/HDSearch-Multinode/profiler/ansible/profiler.yml': line 31, column 3, but may\nbe elsewhere in the file depending on the exact syntax problem.\n\nThe offending line appears to be:\n\n  -bucket\n  -midtier\n  ^ here", "stderr_lines": ["ERROR! We were unable to read either as JSON nor YAML, these are the errors we got from each:", "JSON: No JSON object could be decoded", "", "Syntax Error while loading YAML.", "  could not find expected ':'", "", "The error appears to be in '/users/cseas002/HDSearch-Multinode/profiler/ansible/profiler.yml': line 31, column 3, but may", "be elsewhere in the file depending on the exact syntax problem.", "", "The offending line appears to be:", "", "  -bucket", "  -midtier", "  ^ here"], "stdout": "Using /etc/ansible/ansible.cfg as config file", "stdout_lines": ["Using /etc/ansible/ansible.cfg as config file"]}
...ignoring

PLAY RECAP *********************************************************************
node1                      : ok=2    changed=1    unreachable=0    failed=0    skipped=0    rescued=0    ignored=1   
node2                      : ok=0    changed=0    unreachable=1    failed=0    skipped=0    rescued=0    ignored=0   

INFO:root:ssh -A node0 hostname
INFO:root:node0.hdsearch2.ramp-pg0.wisc.cloudlab.us
INFO:root:ssh -A node1 hostname
INFO:root:node1.hdsearch2.ramp-pg0.wisc.cloudlab.us
INFO:root:ssh -A node2 hostname
INFO:root:ssh: connect to host node2 port 22: No route to host
['node2']['node1']
ssh -n node2 "cd /users/cseas002/HDSearch-Multinode; sudo python3 configure.py -v --turbo=False --kernelconfig=baseline -v"
ssh -n node1 "cd /users/cseas002/HDSearch-Multinode; sudo python3 configure.py -v --turbo=False --kernelconfig=baseline -v"
ansible-playbook -v -i hosts -e "" --tags "setup_docker" ansible/install.yml
ansible-playbook -v -i hosts -e "" --tags "set_profiler_hosts" ansible/profiler.yml
ansible-playbook -v -i hosts -e "" --tags "leave_swarm" ansible/hdsearch.yml
ansible-playbook -v -i hosts -e "" --tags "init_master" ansible/hdsearch.yml
ansible-playbook -v -i hosts -e "" --tags "init_workers" ansible/hdsearch.yml
ansible-playbook -v -i hosts -e "MSR_VALUE=0x1414"  ansible/configure.yml
ansible-playbook -v -i hosts -e "" --tags "kill_profiler" ansible/profiler.yml
Traceback (most recent call last):
  File "run_experiment.py", line 432, in <module>
    main(sys.argv[1:])
  File "run_experiment.py", line 428, in main
    run_multiple_experiments('/users/cseas002/data', batch_name, system_conf, client_conf, midtier_conf, bucket_conf, iter)
  File "run_experiment.py", line 352, in run_multiple_experiments
    status = run_single_experiment(system_conf,root_results_dir, name_prefix, instance_conf, iter,bucket,midtier)
  File "run_experiment.py", line 272, in run_single_experiment
    run_remote(client_conf)
  File "run_experiment.py", line 167, in run_remote
    os.environ[str(key)] = exec_command("ssh -A node{} hostname".format(i))[0]
IndexError: list index out of range
